{"c:/git/syfofront/web/src/frontend/js/actions/arbeidsgiversSykmeldinger_actions.js":{"path":"c:/git/syfofront/web/src/frontend/js/actions/arbeidsgiversSykmeldinger_actions.js","statementMap":{"0":{"start":{"line":2,"column":4},"end":{"line":null,"column":-1}},"1":{"start":{"line":8,"column":4},"end":{"line":null,"column":-1}},"2":{"start":{"line":13,"column":64},"end":{"line":13,"column":63}},"3":{"start":{"line":14,"column":4},"end":{"line":null,"column":-1}},"4":{"start":{"line":21,"column":4},"end":{"line":null,"column":-1}}},"fnMap":{"0":{"name":"henterArbeidsgiversSykmeldinger","decl":{"start":{"line":1,"column":16},"end":{"line":1,"column":7}},"loc":{"start":{"line":1,"column":50},"end":{"line":5,"column":1}}},"1":{"name":"hentArbeidsgiversSykmeldingerFeilet","decl":{"start":{"line":7,"column":16},"end":{"line":7,"column":7}},"loc":{"start":{"line":7,"column":54},"end":{"line":11,"column":1}}},"2":{"name":"setArbeidsgiversSykmeldinger","decl":{"start":{"line":13,"column":16},"end":{"line":13,"column":7}},"loc":{"start":{"line":13,"column":64},"end":{"line":18,"column":1}}},"3":{"name":"hentArbeidsgiversSykmeldinger","decl":{"start":{"line":20,"column":16},"end":{"line":20,"column":7}},"loc":{"start":{"line":20,"column":48},"end":{"line":24,"column":1}}}},"branchMap":{"0":{"loc":{"start":{"line":13,"column":64},"end":{"line":13,"column":59}},"type":"cond-expr","locations":[{"start":{"line":13,"column":64},"end":{"line":13,"column":59}},{"start":{"line":13,"column":60},"end":{"line":13,"column":64}}]},"1":{"loc":{"start":{"line":13,"column":64},"end":{"line":13,"column":59}},"type":"binary-expr","locations":[{"start":{"line":13,"column":64},"end":{"line":13,"column":59}},{"start":{"line":13,"column":64},"end":{"line":13,"column":59}}]}},"s":{"0":1,"1":1,"2":2,"3":2,"4":11},"f":{"0":1,"1":1,"2":2,"3":11},"b":{"0":[2,0],"1":[2,2]}},"c:/git/syfofront/web/src/frontend/js/actions/brukerinfo_actions.js":{"path":"c:/git/syfofront/web/src/frontend/js/actions/brukerinfo_actions.js","statementMap":{"0":{"start":{"line":1,"column":0},"end":{"line":null,"column":-1}},"1":{"start":{"line":4,"column":4},"end":{"line":6,"column":5}},"2":{"start":{"line":5,"column":8},"end":{"line":null,"column":-1}},"3":{"start":{"line":7,"column":4},"end":{"line":null,"column":-1}},"4":{"start":{"line":13,"column":4},"end":{"line":null,"column":-1}},"5":{"start":{"line":19,"column":4},"end":{"line":null,"column":-1}},"6":{"start":{"line":24,"column":47},"end":{"line":24,"column":46}},"7":{"start":{"line":25,"column":4},"end":{"line":null,"column":-1}},"8":{"start":{"line":33,"column":4},"end":{"line":null,"column":-1}},"9":{"start":{"line":40,"column":4},"end":{"line":null,"column":-1}},"10":{"start":{"line":46,"column":4},"end":{"line":null,"column":-1}},"11":{"start":{"line":52,"column":4},"end":{"line":null,"column":-1}},"12":{"start":{"line":58,"column":4},"end":{"line":null,"column":-1}},"13":{"start":{"line":64,"column":4},"end":{"line":null,"column":-1}}},"fnMap":{"0":{"name":"skjulUnderUtviklingVarsel","decl":{"start":{"line":3,"column":16},"end":{"line":3,"column":7}},"loc":{"start":{"line":3,"column":44},"end":{"line":10,"column":1}}},"1":{"name":"hentBrukerinfoFeilet","decl":{"start":{"line":12,"column":16},"end":{"line":12,"column":7}},"loc":{"start":{"line":12,"column":39},"end":{"line":16,"column":1}}},"2":{"name":"henterBrukerinfo","decl":{"start":{"line":18,"column":16},"end":{"line":18,"column":7}},"loc":{"start":{"line":18,"column":35},"end":{"line":22,"column":1}}},"3":{"name":"setBrukerinfo","decl":{"start":{"line":24,"column":16},"end":{"line":24,"column":7}},"loc":{"start":{"line":24,"column":47},"end":{"line":30,"column":1}}},"4":{"name":"setArbeidssituasjon","decl":{"start":{"line":32,"column":16},"end":{"line":32,"column":7}},"loc":{"start":{"line":32,"column":54},"end":{"line":37,"column":1}}},"5":{"name":"setErInnlogget","decl":{"start":{"line":39,"column":16},"end":{"line":39,"column":7}},"loc":{"start":{"line":39,"column":33},"end":{"line":43,"column":1}}},"6":{"name":"setErUtlogget","decl":{"start":{"line":45,"column":16},"end":{"line":45,"column":7}},"loc":{"start":{"line":45,"column":32},"end":{"line":49,"column":1}}},"7":{"name":"sjekkerInnlogging","decl":{"start":{"line":51,"column":16},"end":{"line":51,"column":7}},"loc":{"start":{"line":51,"column":36},"end":{"line":55,"column":1}}},"8":{"name":"sjekkInnlogging","decl":{"start":{"line":57,"column":16},"end":{"line":57,"column":7}},"loc":{"start":{"line":57,"column":34},"end":{"line":61,"column":1}}},"9":{"name":"hentBrukerinfo","decl":{"start":{"line":63,"column":16},"end":{"line":63,"column":7}},"loc":{"start":{"line":63,"column":33},"end":{"line":67,"column":1}}}},"branchMap":{"0":{"loc":{"start":{"line":4,"column":4},"end":{"line":6,"column":5}},"type":"if","locations":[{"start":{"line":4,"column":4},"end":{"line":6,"column":5}},{"start":{"line":4,"column":4},"end":{"line":6,"column":5}}]},"1":{"loc":{"start":{"line":24,"column":47},"end":{"line":24,"column":42}},"type":"cond-expr","locations":[{"start":{"line":24,"column":47},"end":{"line":24,"column":42}},{"start":{"line":24,"column":43},"end":{"line":24,"column":47}}]},"2":{"loc":{"start":{"line":24,"column":47},"end":{"line":24,"column":42}},"type":"binary-expr","locations":[{"start":{"line":24,"column":47},"end":{"line":24,"column":42}},{"start":{"line":24,"column":47},"end":{"line":24,"column":42}}]}},"s":{"0":1,"1":5,"2":5,"3":5,"4":3,"5":4,"6":6,"7":6,"8":2,"9":2,"10":1,"11":2,"12":1,"13":0},"f":{"0":5,"1":3,"2":4,"3":6,"4":2,"5":2,"6":1,"7":2,"8":1,"9":0},"b":{"0":[5,0],"1":[5,1],"2":[6,5]}},"c:/git/syfofront/web/src/frontend/js/actions/dineArbeidsgivere_actions.js":{"path":"c:/git/syfofront/web/src/frontend/js/actions/dineArbeidsgivere_actions.js","statementMap":{"0":{"start":{"line":2,"column":4},"end":{"line":null,"column":-1}},"1":{"start":{"line":9,"column":4},"end":{"line":null,"column":-1}},"2":{"start":{"line":16,"column":4},"end":{"line":null,"column":-1}},"3":{"start":{"line":24,"column":4},"end":{"line":null,"column":-1}}},"fnMap":{"0":{"name":"hentAktuelleArbeidsgivereFeilet","decl":{"start":{"line":1,"column":16},"end":{"line":1,"column":7}},"loc":{"start":{"line":1,"column":62},"end":{"line":6,"column":1}}},"1":{"name":"henterAktuelleArbeidsgivere","decl":{"start":{"line":8,"column":16},"end":{"line":8,"column":7}},"loc":{"start":{"line":8,"column":58},"end":{"line":13,"column":1}}},"2":{"name":"setAktuelleArbeidsgivere","decl":{"start":{"line":15,"column":16},"end":{"line":15,"column":7}},"loc":{"start":{"line":15,"column":70},"end":{"line":21,"column":1}}},"3":{"name":"hentAktuelleArbeidsgivere","decl":{"start":{"line":23,"column":16},"end":{"line":23,"column":7}},"loc":{"start":{"line":23,"column":56},"end":{"line":28,"column":1}}}},"branchMap":{},"s":{"0":1,"1":2,"2":2,"3":11},"f":{"0":1,"1":2,"2":2,"3":11},"b":{}},"c:/git/syfofront/web/src/frontend/js/actions/dineSykmeldinger_actions.js":{"path":"c:/git/syfofront/web/src/frontend/js/actions/dineSykmeldinger_actions.js","statementMap":{"0":{"start":{"line":2,"column":4},"end":{"line":null,"column":-1}},"1":{"start":{"line":8,"column":4},"end":{"line":null,"column":-1}},"2":{"start":{"line":13,"column":55},"end":{"line":13,"column":54}},"3":{"start":{"line":14,"column":4},"end":{"line":null,"column":-1}},"4":{"start":{"line":21,"column":4},"end":{"line":null,"column":-1}},"5":{"start":{"line":29,"column":4},"end":{"line":null,"column":-1}}},"fnMap":{"0":{"name":"henterDineSykmeldinger","decl":{"start":{"line":1,"column":16},"end":{"line":1,"column":7}},"loc":{"start":{"line":1,"column":41},"end":{"line":5,"column":1}}},"1":{"name":"hentDineSykmeldingerFeilet","decl":{"start":{"line":7,"column":16},"end":{"line":7,"column":7}},"loc":{"start":{"line":7,"column":45},"end":{"line":11,"column":1}}},"2":{"name":"setDineSykmeldinger","decl":{"start":{"line":13,"column":16},"end":{"line":13,"column":7}},"loc":{"start":{"line":13,"column":55},"end":{"line":18,"column":1}}},"3":{"name":"sorterSykmeldinger","decl":{"start":{"line":20,"column":16},"end":{"line":20,"column":7}},"loc":{"start":{"line":20,"column":54},"end":{"line":26,"column":1}}},"4":{"name":"hentDineSykmeldinger","decl":{"start":{"line":28,"column":16},"end":{"line":28,"column":7}},"loc":{"start":{"line":28,"column":39},"end":{"line":32,"column":1}}}},"branchMap":{"0":{"loc":{"start":{"line":13,"column":55},"end":{"line":13,"column":50}},"type":"cond-expr","locations":[{"start":{"line":13,"column":55},"end":{"line":13,"column":50}},{"start":{"line":13,"column":51},"end":{"line":13,"column":55}}]},"1":{"loc":{"start":{"line":13,"column":55},"end":{"line":13,"column":50}},"type":"binary-expr","locations":[{"start":{"line":13,"column":55},"end":{"line":13,"column":50}},{"start":{"line":13,"column":55},"end":{"line":13,"column":50}}]}},"s":{"0":2,"1":1,"2":2,"3":2,"4":2,"5":1},"f":{"0":2,"1":1,"2":2,"3":2,"4":1},"b":{"0":[2,0],"1":[2,2]}},"c:/git/syfofront/web/src/frontend/js/actions/dinSykmelding_actions.js":{"path":"c:/git/syfofront/web/src/frontend/js/actions/dinSykmelding_actions.js","statementMap":{"0":{"start":{"line":2,"column":4},"end":{"line":null,"column":-1}},"1":{"start":{"line":10,"column":4},"end":{"line":null,"column":-1}},"2":{"start":{"line":18,"column":4},"end":{"line":null,"column":-1}},"3":{"start":{"line":25,"column":4},"end":{"line":null,"column":-1}},"4":{"start":{"line":32,"column":4},"end":{"line":null,"column":-1}},"5":{"start":{"line":39,"column":4},"end":{"line":null,"column":-1}},"6":{"start":{"line":45,"column":4},"end":{"line":null,"column":-1}},"7":{"start":{"line":51,"column":4},"end":{"line":null,"column":-1}},"8":{"start":{"line":58,"column":4},"end":{"line":null,"column":-1}},"9":{"start":{"line":64,"column":4},"end":{"line":null,"column":-1}},"10":{"start":{"line":70,"column":4},"end":{"line":null,"column":-1}},"11":{"start":{"line":77,"column":4},"end":{"line":null,"column":-1}},"12":{"start":{"line":85,"column":4},"end":{"line":null,"column":-1}},"13":{"start":{"line":93,"column":100},"end":{"line":93,"column":99}},"14":{"start":{"line":94,"column":4},"end":{"line":null,"column":-1}},"15":{"start":{"line":102,"column":129},"end":{"line":102,"column":128}},"16":{"start":{"line":103,"column":4},"end":{"line":null,"column":-1}},"17":{"start":{"line":112,"column":76},"end":{"line":112,"column":75}},"18":{"start":{"line":113,"column":4},"end":{"line":null,"column":-1}}},"fnMap":{"0":{"name":"setArbeidssituasjon","decl":{"start":{"line":1,"column":16},"end":{"line":1,"column":7}},"loc":{"start":{"line":1,"column":68},"end":{"line":7,"column":1}}},"1":{"name":"setArbeidsgiver","decl":{"start":{"line":9,"column":16},"end":{"line":9,"column":7}},"loc":{"start":{"line":9,"column":60},"end":{"line":15,"column":1}}},"2":{"name":"senderSykmelding","decl":{"start":{"line":17,"column":16},"end":{"line":17,"column":7}},"loc":{"start":{"line":17,"column":47},"end":{"line":22,"column":1}}},"3":{"name":"sendSykmeldingFeilet","decl":{"start":{"line":24,"column":16},"end":{"line":24,"column":7}},"loc":{"start":{"line":24,"column":51},"end":{"line":29,"column":1}}},"4":{"name":"sykmeldingSendt","decl":{"start":{"line":31,"column":16},"end":{"line":31,"column":7}},"loc":{"start":{"line":31,"column":46},"end":{"line":36,"column":1}}},"5":{"name":"bekrefterSykmelding","decl":{"start":{"line":38,"column":16},"end":{"line":38,"column":7}},"loc":{"start":{"line":38,"column":38},"end":{"line":42,"column":1}}},"6":{"name":"bekreftSykmeldingFeilet","decl":{"start":{"line":44,"column":16},"end":{"line":44,"column":7}},"loc":{"start":{"line":44,"column":42},"end":{"line":48,"column":1}}},"7":{"name":"sykmeldingBekreftet","decl":{"start":{"line":50,"column":16},"end":{"line":50,"column":7}},"loc":{"start":{"line":50,"column":50},"end":{"line":55,"column":1}}},"8":{"name":"avbryterSykmelding","decl":{"start":{"line":57,"column":16},"end":{"line":57,"column":7}},"loc":{"start":{"line":57,"column":37},"end":{"line":61,"column":1}}},"9":{"name":"avbrytSykmeldingFeilet","decl":{"start":{"line":63,"column":16},"end":{"line":63,"column":7}},"loc":{"start":{"line":63,"column":41},"end":{"line":67,"column":1}}},"10":{"name":"sykmeldingAvbrutt","decl":{"start":{"line":69,"column":16},"end":{"line":69,"column":7}},"loc":{"start":{"line":69,"column":48},"end":{"line":74,"column":1}}},"11":{"name":"setOpplysningeneErRiktige","decl":{"start":{"line":76,"column":16},"end":{"line":76,"column":7}},"loc":{"start":{"line":76,"column":67},"end":{"line":82,"column":1}}},"12":{"name":"setFeilaktigOpplysning","decl":{"start":{"line":84,"column":16},"end":{"line":84,"column":7}},"loc":{"start":{"line":84,"column":78},"end":{"line":91,"column":1}}},"13":{"name":"bekreftSykmelding","decl":{"start":{"line":93,"column":16},"end":{"line":93,"column":7}},"loc":{"start":{"line":93,"column":100},"end":{"line":100,"column":1}}},"14":{"name":"sendSykmeldingTilArbeidsgiver","decl":{"start":{"line":102,"column":16},"end":{"line":102,"column":7}},"loc":{"start":{"line":102,"column":129},"end":{"line":110,"column":1}}},"15":{"name":"avbrytSykmelding","decl":{"start":{"line":112,"column":16},"end":{"line":112,"column":7}},"loc":{"start":{"line":112,"column":76},"end":{"line":118,"column":1}}}},"branchMap":{"0":{"loc":{"start":{"line":93,"column":100},"end":{"line":93,"column":66}},"type":"cond-expr","locations":[{"start":{"line":93,"column":100},"end":{"line":93,"column":66}},{"start":{"line":93,"column":67},"end":{"line":93,"column":100}}]},"1":{"loc":{"start":{"line":93,"column":100},"end":{"line":93,"column":66}},"type":"binary-expr","locations":[{"start":{"line":93,"column":100},"end":{"line":93,"column":66}},{"start":{"line":93,"column":100},"end":{"line":93,"column":66}}]},"2":{"loc":{"start":{"line":93,"column":100},"end":{"line":93,"column":95}},"type":"cond-expr","locations":[{"start":{"line":93,"column":100},"end":{"line":93,"column":95}},{"start":{"line":93,"column":96},"end":{"line":93,"column":100}}]},"3":{"loc":{"start":{"line":93,"column":100},"end":{"line":93,"column":95}},"type":"binary-expr","locations":[{"start":{"line":93,"column":100},"end":{"line":93,"column":95}},{"start":{"line":93,"column":100},"end":{"line":93,"column":95}}]},"4":{"loc":{"start":{"line":102,"column":129},"end":{"line":102,"column":95}},"type":"cond-expr","locations":[{"start":{"line":102,"column":129},"end":{"line":102,"column":95}},{"start":{"line":102,"column":96},"end":{"line":102,"column":129}}]},"5":{"loc":{"start":{"line":102,"column":129},"end":{"line":102,"column":95}},"type":"binary-expr","locations":[{"start":{"line":102,"column":129},"end":{"line":102,"column":95}},{"start":{"line":102,"column":129},"end":{"line":102,"column":95}}]},"6":{"loc":{"start":{"line":102,"column":129},"end":{"line":102,"column":122}},"type":"cond-expr","locations":[{"start":{"line":102,"column":129},"end":{"line":102,"column":122}},{"start":{"line":102,"column":123},"end":{"line":102,"column":129}}]},"7":{"loc":{"start":{"line":102,"column":129},"end":{"line":102,"column":122}},"type":"binary-expr","locations":[{"start":{"line":102,"column":129},"end":{"line":102,"column":122}},{"start":{"line":102,"column":129},"end":{"line":102,"column":122}}]},"8":{"loc":{"start":{"line":112,"column":76},"end":{"line":112,"column":71}},"type":"cond-expr","locations":[{"start":{"line":112,"column":76},"end":{"line":112,"column":71}},{"start":{"line":112,"column":72},"end":{"line":112,"column":76}}]},"9":{"loc":{"start":{"line":112,"column":76},"end":{"line":112,"column":71}},"type":"binary-expr","locations":[{"start":{"line":112,"column":76},"end":{"line":112,"column":71}},{"start":{"line":112,"column":76},"end":{"line":112,"column":71}}]}},"s":{"0":1,"1":1,"2":1,"3":1,"4":2,"5":1,"6":1,"7":2,"8":1,"9":1,"10":2,"11":2,"12":1,"13":6,"14":3,"15":6,"16":3,"17":3,"18":3},"f":{"0":1,"1":1,"2":1,"3":1,"4":2,"5":1,"6":1,"7":2,"8":1,"9":1,"10":2,"11":2,"12":1,"13":3,"14":3,"15":3},"b":{"0":[3,0],"1":[3,3],"2":[2,1],"3":[3,2],"4":[2,1],"5":[3,2],"6":[1,2],"7":[3,1],"8":[2,1],"9":[3,2]}},"c:/git/syfofront/web/src/frontend/js/actions/hendelser_actions.js":{"path":"c:/git/syfofront/web/src/frontend/js/actions/hendelser_actions.js","statementMap":{"0":{"start":{"line":1,"column":40},"end":{"line":1,"column":39}},"1":{"start":{"line":2,"column":4},"end":{"line":null,"column":-1}},"2":{"start":{"line":9,"column":4},"end":{"line":null,"column":-1}},"3":{"start":{"line":16,"column":4},"end":{"line":null,"column":-1}},"4":{"start":{"line":23,"column":4},"end":{"line":null,"column":-1}}},"fnMap":{"0":{"name":"setHendelser","decl":{"start":{"line":1,"column":16},"end":{"line":1,"column":7}},"loc":{"start":{"line":1,"column":40},"end":{"line":6,"column":1}}},"1":{"name":"apneHendelser","decl":{"start":{"line":8,"column":16},"end":{"line":8,"column":7}},"loc":{"start":{"line":8,"column":44},"end":{"line":13,"column":1}}},"2":{"name":"leggTilHendelser","decl":{"start":{"line":15,"column":16},"end":{"line":15,"column":7}},"loc":{"start":{"line":15,"column":46},"end":{"line":20,"column":1}}},"3":{"name":"setHendelseData","decl":{"start":{"line":22,"column":16},"end":{"line":22,"column":7}},"loc":{"start":{"line":22,"column":50},"end":{"line":28,"column":1}}}},"branchMap":{"0":{"loc":{"start":{"line":1,"column":40},"end":{"line":1,"column":35}},"type":"cond-expr","locations":[{"start":{"line":1,"column":40},"end":{"line":1,"column":35}},{"start":{"line":1,"column":36},"end":{"line":1,"column":40}}]},"1":{"loc":{"start":{"line":1,"column":40},"end":{"line":1,"column":35}},"type":"binary-expr","locations":[{"start":{"line":1,"column":40},"end":{"line":1,"column":35}},{"start":{"line":1,"column":40},"end":{"line":1,"column":35}}]}},"s":{"0":1,"1":1,"2":1,"3":0,"4":1},"f":{"0":1,"1":1,"2":0,"3":1},"b":{"0":[1,0],"1":[1,1]}},"c:/git/syfofront/web/src/frontend/js/actions/ledetekster_actions.js":{"path":"c:/git/syfofront/web/src/frontend/js/actions/ledetekster_actions.js","statementMap":{"0":{"start":{"line":2,"column":4},"end":{"line":null,"column":-1}},"1":{"start":{"line":7,"column":49},"end":{"line":7,"column":48}},"2":{"start":{"line":8,"column":4},"end":{"line":null,"column":-1}},"3":{"start":{"line":15,"column":4},"end":{"line":null,"column":-1}},"4":{"start":{"line":21,"column":4},"end":{"line":null,"column":-1}}},"fnMap":{"0":{"name":"henterLedetekster","decl":{"start":{"line":1,"column":16},"end":{"line":1,"column":7}},"loc":{"start":{"line":1,"column":36},"end":{"line":5,"column":1}}},"1":{"name":"setLedetekster","decl":{"start":{"line":7,"column":16},"end":{"line":7,"column":7}},"loc":{"start":{"line":7,"column":49},"end":{"line":12,"column":1}}},"2":{"name":"hentLedeteksterFeilet","decl":{"start":{"line":14,"column":16},"end":{"line":14,"column":7}},"loc":{"start":{"line":14,"column":40},"end":{"line":18,"column":1}}},"3":{"name":"hentLedetekster","decl":{"start":{"line":20,"column":16},"end":{"line":20,"column":7}},"loc":{"start":{"line":20,"column":34},"end":{"line":24,"column":1}}}},"branchMap":{"0":{"loc":{"start":{"line":7,"column":49},"end":{"line":7,"column":44}},"type":"cond-expr","locations":[{"start":{"line":7,"column":49},"end":{"line":7,"column":44}},{"start":{"line":7,"column":45},"end":{"line":7,"column":49}}]},"1":{"loc":{"start":{"line":7,"column":49},"end":{"line":7,"column":44}},"type":"binary-expr","locations":[{"start":{"line":7,"column":49},"end":{"line":7,"column":44}},{"start":{"line":7,"column":49},"end":{"line":7,"column":44}}]}},"s":{"0":2,"1":2,"2":2,"3":1,"4":1},"f":{"0":2,"1":2,"2":1,"3":1},"b":{"0":[2,0],"1":[2,2]}},"c:/git/syfofront/web/src/frontend/js/actions/tidslinjer_actions.js":{"path":"c:/git/syfofront/web/src/frontend/js/actions/tidslinjer_actions.js","statementMap":{"0":{"start":{"line":2,"column":4},"end":{"line":null,"column":-1}},"1":{"start":{"line":8,"column":4},"end":{"line":null,"column":-1}},"2":{"start":{"line":13,"column":65},"end":{"line":13,"column":64}},"3":{"start":{"line":13,"column":65},"end":{"line":null,"column":-1}},"4":{"start":{"line":14,"column":4},"end":{"line":null,"column":-1}},"5":{"start":{"line":21,"column":93},"end":{"line":21,"column":92}},"6":{"start":{"line":22,"column":4},"end":{"line":null,"column":-1}}},"fnMap":{"0":{"name":"hentTidslinjerFeilet","decl":{"start":{"line":1,"column":16},"end":{"line":1,"column":7}},"loc":{"start":{"line":1,"column":39},"end":{"line":5,"column":1}}},"1":{"name":"henterTidslinjer","decl":{"start":{"line":7,"column":16},"end":{"line":7,"column":7}},"loc":{"start":{"line":7,"column":35},"end":{"line":11,"column":1}}},"2":{"name":"setTidslinjer","decl":{"start":{"line":13,"column":16},"end":{"line":13,"column":7}},"loc":{"start":{"line":13,"column":65},"end":{"line":19,"column":1}}},"3":{"name":"hentTidslinjer","decl":{"start":{"line":21,"column":16},"end":{"line":21,"column":7}},"loc":{"start":{"line":21,"column":93},"end":{"line":27,"column":1}}}},"branchMap":{"0":{"loc":{"start":{"line":13,"column":65},"end":{"line":13,"column":42}},"type":"cond-expr","locations":[{"start":{"line":13,"column":65},"end":{"line":13,"column":42}},{"start":{"line":13,"column":43},"end":{"line":13,"column":65}}]},"1":{"loc":{"start":{"line":13,"column":65},"end":{"line":13,"column":42}},"type":"binary-expr","locations":[{"start":{"line":13,"column":65},"end":{"line":13,"column":42}},{"start":{"line":13,"column":65},"end":{"line":13,"column":42}}]},"2":{"loc":{"start":{"line":21,"column":93},"end":{"line":21,"column":49}},"type":"cond-expr","locations":[{"start":{"line":21,"column":93},"end":{"line":21,"column":49}},{"start":{"line":21,"column":50},"end":{"line":21,"column":93}}]},"3":{"loc":{"start":{"line":21,"column":93},"end":{"line":21,"column":49}},"type":"binary-expr","locations":[{"start":{"line":21,"column":93},"end":{"line":21,"column":49}},{"start":{"line":21,"column":93},"end":{"line":21,"column":49}}]},"4":{"loc":{"start":{"line":21,"column":93},"end":{"line":21,"column":72}},"type":"cond-expr","locations":[{"start":{"line":21,"column":93},"end":{"line":21,"column":72}},{"start":{"line":21,"column":73},"end":{"line":21,"column":93}}]},"5":{"loc":{"start":{"line":21,"column":93},"end":{"line":21,"column":72}},"type":"binary-expr","locations":[{"start":{"line":21,"column":93},"end":{"line":21,"column":72}},{"start":{"line":21,"column":93},"end":{"line":21,"column":72}}]}},"s":{"0":1,"1":2,"2":1,"3":1,"4":1,"5":12,"6":6},"f":{"0":1,"1":2,"2":1,"3":6},"b":{"0":[1,0],"1":[1,1],"2":[2,4],"3":[6,5],"4":[4,2],"5":[6,4]}},"c:/git/syfofront/web/src/frontend/js/components/sykmelding/ArbeidsgiversSykmelding.js":{"path":"c:/git/syfofront/web/src/frontend/js/components/sykmelding/ArbeidsgiversSykmelding.js","statementMap":{"0":{"start":{"line":1,"column":0},"end":{"line":null,"column":-1}},"1":{"start":{"line":2,"column":0},"end":{"line":null,"column":-1}},"2":{"start":{"line":4,"column":32},"end":{"line":4,"column":0}},"3":{"start":{"line":4,"column":100},"end":{"line":4,"column":99}},"4":{"start":{"line":4,"column":100},"end":{"line":null,"column":-1}},"5":{"start":{"line":5,"column":4},"end":{"line":null,"column":-1}},"6":{"start":{"line":17,"column":0},"end":{"line":null,"column":-1}}},"fnMap":{"0":{"name":"ArbeidsgiversSykmelding","decl":{"start":{"line":4,"column":6},"end":{"line":4,"column":32}},"loc":{"start":{"line":4,"column":100},"end":{"line":4,"column":0}}}},"branchMap":{"0":{"loc":{"start":{"line":4,"column":73},"end":{"line":4,"column":100}},"type":"cond-expr","locations":[{"start":{"line":4,"column":73},"end":{"line":4,"column":100}},{"start":{"line":4,"column":100},"end":{"line":null,"column":-1}}]},"1":{"loc":{"start":{"line":4,"column":88},"end":{"line":4,"column":100}},"type":"cond-expr","locations":[{"start":{"line":4,"column":88},"end":{"line":4,"column":100}},{"start":{"line":4,"column":100},"end":{"line":null,"column":-1}}]}},"s":{"0":1,"1":1,"2":1,"3":16,"4":8,"5":4,"6":1},"f":{"0":4},"b":{"0":[4,0],"1":[4,0]}},"c:/git/syfofront/web/src/frontend/js/components/Artikkel.js":{"path":"c:/git/syfofront/web/src/frontend/js/components/Artikkel.js","statementMap":{"0":{"start":{"line":1,"column":0},"end":{"line":null,"column":-1}},"1":{"start":{"line":3,"column":17},"end":{"line":3,"column":0}},"2":{"start":{"line":3,"column":42},"end":{"line":3,"column":41}},"3":{"start":{"line":4,"column":4},"end":{"line":null,"column":-1}},"4":{"start":{"line":11,"column":0},"end":{"line":null,"column":-1}}},"fnMap":{"0":{"name":"Artikkel","decl":{"start":{"line":3,"column":6},"end":{"line":3,"column":17}},"loc":{"start":{"line":3,"column":42},"end":{"line":3,"column":0}}}},"branchMap":{},"s":{"0":1,"1":1,"2":4,"3":2,"4":1},"f":{"0":2},"b":{}},"c:/git/syfofront/web/src/frontend/js/components/sykmelding/AvbrytDialog.js":{"path":"c:/git/syfofront/web/src/frontend/js/components/sykmelding/AvbrytDialog.js","statementMap":{"0":{"start":{"line":1,"column":0},"end":{"line":null,"column":-1}},"1":{"start":{"line":2,"column":0},"end":{"line":null,"column":-1}},"2":{"start":{"line":4,"column":21},"end":{"line":4,"column":0}},"3":{"start":{"line":4,"column":83},"end":{"line":4,"column":82}},"4":{"start":{"line":5,"column":4},"end":{"line":null,"column":-1}},"5":{"start":{"line":9,"column":16},"end":{"line":null,"column":-1}},"6":{"start":{"line":10,"column":16},"end":{"line":null,"column":-1}},"7":{"start":{"line":17,"column":16},"end":{"line":null,"column":-1}},"8":{"start":{"line":18,"column":16},"end":{"line":null,"column":-1}},"9":{"start":{"line":25,"column":0},"end":{"line":null,"column":-1}}},"fnMap":{"0":{"name":"AvbrytDialog","decl":{"start":{"line":4,"column":6},"end":{"line":4,"column":21}},"loc":{"start":{"line":4,"column":83},"end":{"line":4,"column":0}}},"1":{"name":"onClick","decl":{"start":{"line":8,"column":151},"end":{"line":8,"column":151}},"loc":{"start":{"line":8,"column":158},"end":{"line":8,"column":12}}},"2":{"name":"onClick","decl":{"start":{"line":16,"column":85},"end":{"line":16,"column":85}},"loc":{"start":{"line":16,"column":92},"end":{"line":16,"column":12}}}},"branchMap":{"0":{"loc":{"start":{"line":8,"column":93},"end":{"line":8,"column":82}},"type":"cond-expr","locations":[{"start":{"line":8,"column":93},"end":{"line":8,"column":82}},{"start":{"line":8,"column":122},"end":{"line":8,"column":40}}]}},"s":{"0":1,"1":1,"2":1,"3":12,"4":3,"5":1,"6":1,"7":1,"8":1,"9":1},"f":{"0":3,"1":1,"2":1},"b":{"0":[0,3]}},"c:/git/syfofront/web/src/frontend/js/components/Brodsmuler.js":{"path":"c:/git/syfofront/web/src/frontend/js/components/Brodsmuler.js","statementMap":{"0":{"start":{"line":1,"column":0},"end":{"line":null,"column":-1}},"1":{"start":{"line":2,"column":0},"end":{"line":null,"column":-1}},"2":{"start":{"line":3,"column":0},"end":{"line":null,"column":-1}},"3":{"start":{"line":5,"column":18},"end":{"line":5,"column":0}},"4":{"start":{"line":5,"column":63},"end":{"line":5,"column":62}},"5":{"start":{"line":6,"column":4},"end":{"line":15,"column":5}},"6":{"start":{"line":7,"column":8},"end":{"line":null,"column":-1}},"7":{"start":{"line":10,"column":11},"end":{"line":15,"column":5}},"8":{"start":{"line":11,"column":8},"end":{"line":null,"column":-1}},"9":{"start":{"line":16,"column":4},"end":{"line":null,"column":-1}},"10":{"start":{"line":22,"column":0},"end":{"line":null,"column":-1}},"11":{"start":{"line":29,"column":19},"end":{"line":29,"column":0}},"12":{"start":{"line":29,"column":36},"end":{"line":29,"column":35}},"13":{"start":{"line":30,"column":4},"end":{"line":null,"column":-1}},"14":{"start":{"line":36,"column":0},"end":{"line":null,"column":-1}},"15":{"start":{"line":42,"column":23},"end":{"line":null,"column":-1}},"16":{"start":{"line":44,"column":8},"end":{"line":null,"column":-1}},"17":{"start":{"line":50,"column":31},"end":{"line":49,"column":27}},"18":{"start":{"line":51,"column":8},"end":{"line":56,"column":9}},"19":{"start":{"line":52,"column":12},"end":{"line":null,"column":-1}},"20":{"start":{"line":57,"column":8},"end":{"line":null,"column":-1}},"21":{"start":{"line":61,"column":8},"end":{"line":null,"column":-1}},"22":{"start":{"line":65,"column":8},"end":{"line":null,"column":-1}},"23":{"start":{"line":70,"column":13},"end":{"line":null,"column":-1}},"24":{"start":{"line":71,"column":31},"end":{"line":70,"column":13}},"25":{"start":{"line":72,"column":34},"end":{"line":72,"column":8}},"26":{"start":{"line":73,"column":8},"end":{"line":null,"column":-1}},"27":{"start":{"line":80,"column":20},"end":{"line":null,"column":-1}},"28":{"start":{"line":81,"column":20},"end":{"line":null,"column":-1}},"29":{"start":{"line":87,"column":24},"end":{"line":null,"column":-1}},"30":{"start":{"line":92,"column":24},"end":{"line":null,"column":-1}},"31":{"start":{"line":99,"column":0},"end":{"line":null,"column":-1}}},"fnMap":{"0":{"name":"Brodsmule","decl":{"start":{"line":5,"column":6},"end":{"line":5,"column":18}},"loc":{"start":{"line":5,"column":63},"end":{"line":5,"column":0}}},"1":{"name":"ToggleLink","decl":{"start":{"line":29,"column":6},"end":{"line":29,"column":19}},"loc":{"start":{"line":29,"column":36},"end":{"line":29,"column":0}}},"2":{"name":"Brodsmuler","decl":{"start":{"line":42,"column":4},"end":{"line":42,"column":15}},"loc":{"start":{"line":42,"column":23},"end":{"line":47,"column":5}}},"3":{"name":"onClick","decl":{"start":{"line":79,"column":60},"end":{"line":79,"column":60}},"loc":{"start":{"line":79,"column":67},"end":{"line":79,"column":39}}},"4":{"name":"(anonymous_17)","decl":{"start":{"line":86,"column":25},"end":{"line":86,"column":25}},"loc":{"start":{"line":86,"column":43},"end":{"line":85,"column":16}}},"5":{"name":"(anonymous_18)","decl":{"start":{"line":91,"column":25},"end":{"line":91,"column":25}},"loc":{"start":{"line":91,"column":43},"end":{"line":85,"column":16}}}},"branchMap":{"0":{"loc":{"start":{"line":6,"column":4},"end":{"line":15,"column":5}},"type":"if","locations":[{"start":{"line":6,"column":4},"end":{"line":15,"column":5}},{"start":{"line":6,"column":4},"end":{"line":15,"column":5}}]},"1":{"loc":{"start":{"line":10,"column":11},"end":{"line":15,"column":5}},"type":"if","locations":[{"start":{"line":10,"column":11},"end":{"line":15,"column":5}},{"start":{"line":10,"column":11},"end":{"line":15,"column":5}}]},"2":{"loc":{"start":{"line":42,"column":23},"end":{"line":43,"column":13}},"type":"binary-expr","locations":[{"start":{"line":42,"column":23},"end":{"line":43,"column":13}},{"start":{"line":42,"column":23},"end":{"line":43,"column":13}}]},"3":{"loc":{"start":{"line":51,"column":8},"end":{"line":56,"column":9}},"type":"if","locations":[{"start":{"line":51,"column":8},"end":{"line":56,"column":9}},{"start":{"line":51,"column":8},"end":{"line":56,"column":9}}]},"4":{"loc":{"start":{"line":61,"column":15},"end":{"line":61,"column":14}},"type":"binary-expr","locations":[{"start":{"line":61,"column":15},"end":{"line":61,"column":14}},{"start":{"line":61,"column":51},"end":{"line":61,"column":8}}]},"5":{"loc":{"start":{"line":77,"column":13},"end":{"line":77,"column":12}},"type":"binary-expr","locations":[{"start":{"line":77,"column":13},"end":{"line":77,"column":12}},{"start":{"line":77,"column":34},"end":{"line":73,"column":16}}]},"6":{"loc":{"start":{"line":79,"column":16},"end":{"line":79,"column":38}},"type":"binary-expr","locations":[{"start":{"line":79,"column":16},"end":{"line":79,"column":38}},{"start":{"line":79,"column":39},"end":{"line":73,"column":16}}]}},"s":{"0":1,"1":1,"2":1,"3":1,"4":68,"5":17,"6":7,"7":10,"8":10,"9":0,"10":1,"11":1,"12":3,"13":3,"14":1,"15":21,"16":7,"17":8,"18":8,"19":3,"20":5,"21":16,"22":1,"23":8,"24":8,"25":8,"26":8,"27":1,"28":1,"29":17,"30":17,"31":1},"f":{"0":17,"1":3,"2":7,"3":1,"4":17,"5":17},"b":{"0":[7,10],"1":[10,0],"2":[7,0],"3":[3,5],"4":[16,8],"5":[8,7],"6":[8,3]}},"c:/git/syfofront/web/src/frontend/js/routers/paths.js":{"path":"c:/git/syfofront/web/src/frontend/js/routers/paths.js","statementMap":{"0":{"start":{"line":2,"column":4},"end":{"line":null,"column":-1}}},"fnMap":{"0":{"name":"getContextRoot","decl":{"start":{"line":1,"column":16},"end":{"line":1,"column":7}},"loc":{"start":{"line":1,"column":33},"end":{"line":3,"column":1}}}},"branchMap":{},"s":{"0":17},"f":{"0":17},"b":{}},"c:/git/syfofront/web/src/frontend/js/components/skjema/Checkboxgruppe.js":{"path":"c:/git/syfofront/web/src/frontend/js/components/skjema/Checkboxgruppe.js","statementMap":{"0":{"start":{"line":1,"column":0},"end":{"line":null,"column":-1}},"1":{"start":{"line":3,"column":23},"end":{"line":3,"column":0}},"2":{"start":{"line":3,"column":98},"end":{"line":3,"column":97}},"3":{"start":{"line":3,"column":98},"end":{"line":null,"column":-1}},"4":{"start":{"line":4,"column":4},"end":{"line":null,"column":-1}},"5":{"start":{"line":11,"column":0},"end":{"line":null,"column":-1}}},"fnMap":{"0":{"name":"Checkboxgruppe","decl":{"start":{"line":3,"column":6},"end":{"line":3,"column":23}},"loc":{"start":{"line":3,"column":98},"end":{"line":3,"column":0}}}},"branchMap":{"0":{"loc":{"start":{"line":3,"column":51},"end":{"line":3,"column":98}},"type":"cond-expr","locations":[{"start":{"line":3,"column":51},"end":{"line":3,"column":98}},{"start":{"line":3,"column":98},"end":{"line":null,"column":-1}}]},"1":{"loc":{"start":{"line":3,"column":68},"end":{"line":3,"column":98}},"type":"cond-expr","locations":[{"start":{"line":3,"column":68},"end":{"line":3,"column":98}},{"start":{"line":3,"column":98},"end":{"line":null,"column":-1}}]},"2":{"loc":{"start":{"line":4,"column":37},"end":{"line":4,"column":28}},"type":"cond-expr","locations":[{"start":{"line":4,"column":37},"end":{"line":4,"column":28}},{"start":{"line":4,"column":64},"end":{"line":4,"column":12}}]},"3":{"loc":{"start":{"line":7,"column":84},"end":{"line":7,"column":75}},"type":"cond-expr","locations":[{"start":{"line":7,"column":84},"end":{"line":7,"column":75}},{"start":{"line":7,"column":98},"end":{"line":null,"column":-1}}]}},"s":{"0":1,"1":1,"2":45,"3":18,"4":9,"5":1},"f":{"0":9},"b":{"0":[4,5],"1":[0,9],"2":[1,8],"3":[1,8]}},"c:/git/syfofront/web/src/frontend/js/components/Sidetopp.js":{"path":"c:/git/syfofront/web/src/frontend/js/components/Sidetopp.js","statementMap":{"0":{"start":{"line":1,"column":0},"end":{"line":null,"column":-1}},"1":{"start":{"line":3,"column":17},"end":{"line":3,"column":0}},"2":{"start":{"line":3,"column":44},"end":{"line":3,"column":43}},"3":{"start":{"line":4,"column":4},"end":{"line":null,"column":-1}},"4":{"start":{"line":16,"column":0},"end":{"line":null,"column":-1}}},"fnMap":{"0":{"name":"Sidetopp","decl":{"start":{"line":3,"column":6},"end":{"line":3,"column":17}},"loc":{"start":{"line":3,"column":44},"end":{"line":3,"column":0}}}},"branchMap":{"0":{"loc":{"start":{"line":9,"column":12},"end":{"line":9,"column":24}},"type":"binary-expr","locations":[{"start":{"line":9,"column":12},"end":{"line":9,"column":24}},{"start":{"line":9,"column":25},"end":{"line":null,"column":-1}}]}},"s":{"0":1,"1":1,"2":0,"3":0,"4":1},"f":{"0":0},"b":{"0":[0,0]}},"c:/git/syfofront/web/src/frontend/js/components/sykmeldinger/DineSykmeldinger.js":{"path":"c:/git/syfofront/web/src/frontend/js/components/sykmeldinger/DineSykmeldinger.js","statementMap":{"0":{"start":{"line":1,"column":0},"end":{"line":null,"column":-1}},"1":{"start":{"line":2,"column":0},"end":{"line":null,"column":-1}},"2":{"start":{"line":3,"column":0},"end":{"line":null,"column":-1}},"3":{"start":{"line":4,"column":0},"end":{"line":null,"column":-1}},"4":{"start":{"line":5,"column":0},"end":{"line":null,"column":-1}},"5":{"start":{"line":7,"column":25},"end":{"line":7,"column":0}},"6":{"start":{"line":7,"column":81},"end":{"line":7,"column":80}},"7":{"start":{"line":7,"column":81},"end":{"line":null,"column":-1}},"8":{"start":{"line":8,"column":28},"end":{"line":8,"column":4}},"9":{"start":{"line":9,"column":8},"end":{"line":null,"column":-1}},"10":{"start":{"line":11,"column":34},"end":{"line":11,"column":4}},"11":{"start":{"line":12,"column":8},"end":{"line":null,"column":-1}},"12":{"start":{"line":14,"column":31},"end":{"line":14,"column":4}},"13":{"start":{"line":16,"column":4},"end":{"line":null,"column":-1}},"14":{"start":{"line":42,"column":0},"end":{"line":null,"column":-1}}},"fnMap":{"0":{"name":"DineSykmeldinger","decl":{"start":{"line":7,"column":6},"end":{"line":7,"column":25}},"loc":{"start":{"line":7,"column":81},"end":{"line":7,"column":0}}},"1":{"name":"(anonymous_2)","decl":{"start":{"line":8,"column":48},"end":{"line":8,"column":48}},"loc":{"start":{"line":8,"column":60},"end":{"line":8,"column":28}}},"2":{"name":"(anonymous_3)","decl":{"start":{"line":11,"column":54},"end":{"line":11,"column":54}},"loc":{"start":{"line":11,"column":66},"end":{"line":11,"column":34}}}},"branchMap":{"0":{"loc":{"start":{"line":7,"column":43},"end":{"line":7,"column":81}},"type":"cond-expr","locations":[{"start":{"line":7,"column":43},"end":{"line":7,"column":81}},{"start":{"line":7,"column":81},"end":{"line":null,"column":-1}}]},"1":{"loc":{"start":{"line":7,"column":61},"end":{"line":7,"column":81}},"type":"cond-expr","locations":[{"start":{"line":7,"column":61},"end":{"line":7,"column":81}},{"start":{"line":7,"column":81},"end":{"line":null,"column":-1}}]},"2":{"loc":{"start":{"line":14,"column":66},"end":{"line":14,"column":31}},"type":"cond-expr","locations":[{"start":{"line":14,"column":66},"end":{"line":14,"column":31}},{"start":{"line":14,"column":88},"end":{"line":14,"column":4}}]},"3":{"loc":{"start":{"line":14,"column":31},"end":{"line":14,"column":43}},"type":"binary-expr","locations":[{"start":{"line":14,"column":31},"end":{"line":14,"column":43}},{"start":{"line":14,"column":44},"end":{"line":14,"column":31}}]},"4":{"loc":{"start":{"line":29,"column":12},"end":{"line":29,"column":11}},"type":"binary-expr","locations":[{"start":{"line":29,"column":12},"end":{"line":29,"column":11}},{"start":{"line":29,"column":48},"end":{"line":null,"column":-1}}]}},"s":{"0":1,"1":1,"2":1,"3":1,"4":1,"5":1,"6":12,"7":8,"8":4,"9":9,"10":4,"11":9,"12":4,"13":4,"14":1},"f":{"0":4,"1":9,"2":9},"b":{"0":[0,4],"1":[0,4],"2":[0,4],"3":[4,0],"4":[4,2]}},"c:/git/syfofront/web/src/frontend/js/components/sykmeldinger/SykmeldingTeasere.js":{"path":"c:/git/syfofront/web/src/frontend/js/components/sykmeldinger/SykmeldingTeasere.js","statementMap":{"0":{"start":{"line":1,"column":0},"end":{"line":null,"column":-1}},"1":{"start":{"line":2,"column":0},"end":{"line":null,"column":-1}},"2":{"start":{"line":4,"column":26},"end":{"line":4,"column":0}},"3":{"start":{"line":4,"column":125},"end":{"line":4,"column":124}},"4":{"start":{"line":4,"column":125},"end":{"line":null,"column":-1}},"5":{"start":{"line":5,"column":4},"end":{"line":null,"column":-1}},"6":{"start":{"line":13,"column":16},"end":{"line":null,"column":-1}},"7":{"start":{"line":20,"column":0},"end":{"line":null,"column":-1}}},"fnMap":{"0":{"name":"SykmeldingTeasere","decl":{"start":{"line":4,"column":6},"end":{"line":4,"column":26}},"loc":{"start":{"line":4,"column":125},"end":{"line":4,"column":0}}},"1":{"name":"(anonymous_2)","decl":{"start":{"line":12,"column":52},"end":{"line":12,"column":52}},"loc":{"start":{"line":12,"column":73},"end":{"line":12,"column":35}}}},"branchMap":{"0":{"loc":{"start":{"line":4,"column":76},"end":{"line":4,"column":125}},"type":"cond-expr","locations":[{"start":{"line":4,"column":76},"end":{"line":4,"column":125}},{"start":{"line":4,"column":125},"end":{"line":null,"column":-1}}]},"1":{"loc":{"start":{"line":10,"column":32},"end":{"line":10,"column":44}},"type":"binary-expr","locations":[{"start":{"line":10,"column":32},"end":{"line":10,"column":44}},{"start":{"line":10,"column":45},"end":{"line":10,"column":8}}]},"2":{"loc":{"start":{"line":12,"column":35},"end":{"line":12,"column":13}},"type":"cond-expr","locations":[{"start":{"line":12,"column":35},"end":{"line":12,"column":13}},{"start":{"line":14,"column":17},"end":{"line":null,"column":-1}}]}},"s":{"0":1,"1":1,"2":1,"3":28,"4":4,"5":4,"6":9,"7":1},"f":{"0":4,"1":9},"b":{"0":[1,3],"1":[4,4],"2":[3,1]}},"c:/git/syfofront/web/src/frontend/js/components/sykmeldinger/SykmeldingTeaser.js":{"path":"c:/git/syfofront/web/src/frontend/js/components/sykmeldinger/SykmeldingTeaser.js","statementMap":{"0":{"start":{"line":1,"column":0},"end":{"line":null,"column":-1}},"1":{"start":{"line":2,"column":0},"end":{"line":null,"column":-1}},"2":{"start":{"line":3,"column":0},"end":{"line":null,"column":-1}},"3":{"start":{"line":4,"column":0},"end":{"line":null,"column":-1}},"4":{"start":{"line":5,"column":0},"end":{"line":null,"column":-1}},"5":{"start":{"line":7,"column":21},"end":{"line":7,"column":0}},"6":{"start":{"line":7,"column":66},"end":{"line":7,"column":65}},"7":{"start":{"line":8,"column":4},"end":{"line":null,"column":-1}},"8":{"start":{"line":10,"column":12},"end":{"line":null,"column":-1}},"9":{"start":{"line":15,"column":0},"end":{"line":null,"column":-1}},"10":{"start":{"line":23,"column":23},"end":{"line":null,"column":-1}},"11":{"start":{"line":25,"column":8},"end":{"line":null,"column":-1}},"12":{"start":{"line":32,"column":8},"end":{"line":null,"column":-1}},"13":{"start":{"line":39,"column":8},"end":{"line":null,"column":-1}},"14":{"start":{"line":45,"column":13},"end":{"line":null,"column":-1}},"15":{"start":{"line":46,"column":44},"end":{"line":45,"column":13}},"16":{"start":{"line":45,"column":13},"end":{"line":45,"column":12}},"17":{"start":{"line":47,"column":31},"end":{"line":47,"column":8}},"18":{"start":{"line":48,"column":34},"end":{"line":48,"column":8}},"19":{"start":{"line":49,"column":26},"end":{"line":49,"column":8}},"20":{"start":{"line":51,"column":8},"end":{"line":null,"column":-1}},"21":{"start":{"line":53,"column":37},"end":{"line":null,"column":-1}},"22":{"start":{"line":54,"column":37},"end":{"line":null,"column":-1}},"23":{"start":{"line":92,"column":0},"end":{"line":null,"column":-1}}},"fnMap":{"0":{"name":"PeriodeListe","decl":{"start":{"line":7,"column":6},"end":{"line":7,"column":21}},"loc":{"start":{"line":7,"column":66},"end":{"line":7,"column":0}}},"1":{"name":"(anonymous_8)","decl":{"start":{"line":9,"column":22},"end":{"line":9,"column":22}},"loc":{"start":{"line":9,"column":42},"end":{"line":9,"column":9}}},"2":{"name":"SykmeldingTeaser","decl":{"start":{"line":23,"column":4},"end":{"line":23,"column":15}},"loc":{"start":{"line":23,"column":23},"end":{"line":29,"column":5}}},"3":{"name":"onMouseEnter","decl":{"start":{"line":53,"column":30},"end":{"line":53,"column":35}},"loc":{"start":{"line":53,"column":36},"end":{"line":52,"column":12}}},"4":{"name":"onMouseLeave","decl":{"start":{"line":54,"column":30},"end":{"line":54,"column":35}},"loc":{"start":{"line":54,"column":36},"end":{"line":54,"column":58}}}},"branchMap":{"0":{"loc":{"start":{"line":23,"column":23},"end":{"line":24,"column":13}},"type":"binary-expr","locations":[{"start":{"line":23,"column":23},"end":{"line":24,"column":13}},{"start":{"line":23,"column":23},"end":{"line":24,"column":13}}]},"1":{"loc":{"start":{"line":74,"column":24},"end":{"line":74,"column":36}},"type":"binary-expr","locations":[{"start":{"line":74,"column":24},"end":{"line":74,"column":36}},{"start":{"line":74,"column":37},"end":{"line":null,"column":-1}}]},"2":{"loc":{"start":{"line":78,"column":21},"end":{"line":77,"column":17}},"type":"cond-expr","locations":[{"start":{"line":78,"column":21},"end":{"line":77,"column":17}},{"start":{"line":82,"column":23},"end":{"line":null,"column":-1}}]}},"s":{"0":1,"1":1,"2":1,"3":1,"4":1,"5":1,"6":0,"7":0,"8":0,"9":1,"10":15,"11":5,"12":0,"13":0,"14":5,"15":5,"16":10,"17":5,"18":5,"19":5,"20":5,"21":0,"22":0,"23":1},"f":{"0":0,"1":0,"2":5,"3":0,"4":0},"b":{"0":[5,0],"1":[5,1],"2":[5,0]}},"c:/git/syfofront/web/src/frontend/js/components/sykmeldinger/SykmeldingPeriodeInfo.js":{"path":"c:/git/syfofront/web/src/frontend/js/components/sykmeldinger/SykmeldingPeriodeInfo.js","statementMap":{"0":{"start":{"line":1,"column":0},"end":{"line":null,"column":-1}},"1":{"start":{"line":2,"column":0},"end":{"line":null,"column":-1}},"2":{"start":{"line":4,"column":30},"end":{"line":4,"column":0}},"3":{"start":{"line":4,"column":89},"end":{"line":4,"column":88}},"4":{"start":{"line":4,"column":89},"end":{"line":null,"column":-1}},"5":{"start":{"line":5,"column":26},"end":{"line":5,"column":4}},"6":{"start":{"line":6,"column":4},"end":{"line":8,"column":5}},"7":{"start":{"line":7,"column":8},"end":{"line":null,"column":-1}},"8":{"start":{"line":9,"column":4},"end":{"line":11,"column":5}},"9":{"start":{"line":10,"column":8},"end":{"line":null,"column":-1}},"10":{"start":{"line":12,"column":4},"end":{"line":14,"column":5}},"11":{"start":{"line":13,"column":8},"end":{"line":null,"column":-1}},"12":{"start":{"line":15,"column":4},"end":{"line":17,"column":5}},"13":{"start":{"line":16,"column":8},"end":{"line":null,"column":-1}},"14":{"start":{"line":18,"column":4},"end":{"line":20,"column":5}},"15":{"start":{"line":19,"column":8},"end":{"line":null,"column":-1}},"16":{"start":{"line":21,"column":4},"end":{"line":23,"column":5}},"17":{"start":{"line":22,"column":8},"end":{"line":null,"column":-1}},"18":{"start":{"line":24,"column":4},"end":{"line":26,"column":5}},"19":{"start":{"line":25,"column":8},"end":{"line":null,"column":-1}},"20":{"start":{"line":27,"column":4},"end":{"line":29,"column":5}},"21":{"start":{"line":28,"column":8},"end":{"line":null,"column":-1}},"22":{"start":{"line":30,"column":4},"end":{"line":null,"column":-1}},"23":{"start":{"line":38,"column":0},"end":{"line":null,"column":-1}}},"fnMap":{"0":{"name":"SykmeldingPeriodeInfo","decl":{"start":{"line":4,"column":6},"end":{"line":4,"column":30}},"loc":{"start":{"line":4,"column":89},"end":{"line":4,"column":0}}}},"branchMap":{"0":{"loc":{"start":{"line":4,"column":66},"end":{"line":4,"column":89}},"type":"cond-expr","locations":[{"start":{"line":4,"column":66},"end":{"line":4,"column":89}},{"start":{"line":4,"column":89},"end":{"line":null,"column":-1}}]},"1":{"loc":{"start":{"line":6,"column":4},"end":{"line":8,"column":5}},"type":"if","locations":[{"start":{"line":6,"column":4},"end":{"line":8,"column":5}},{"start":{"line":6,"column":4},"end":{"line":8,"column":5}}]},"2":{"loc":{"start":{"line":9,"column":4},"end":{"line":11,"column":5}},"type":"if","locations":[{"start":{"line":9,"column":4},"end":{"line":11,"column":5}},{"start":{"line":9,"column":4},"end":{"line":11,"column":5}}]},"3":{"loc":{"start":{"line":12,"column":4},"end":{"line":14,"column":5}},"type":"if","locations":[{"start":{"line":12,"column":4},"end":{"line":14,"column":5}},{"start":{"line":12,"column":4},"end":{"line":14,"column":5}}]},"4":{"loc":{"start":{"line":15,"column":4},"end":{"line":17,"column":5}},"type":"if","locations":[{"start":{"line":15,"column":4},"end":{"line":17,"column":5}},{"start":{"line":15,"column":4},"end":{"line":17,"column":5}}]},"5":{"loc":{"start":{"line":18,"column":4},"end":{"line":20,"column":5}},"type":"if","locations":[{"start":{"line":18,"column":4},"end":{"line":20,"column":5}},{"start":{"line":18,"column":4},"end":{"line":20,"column":5}}]},"6":{"loc":{"start":{"line":18,"column":8},"end":{"line":18,"column":7}},"type":"binary-expr","locations":[{"start":{"line":18,"column":8},"end":{"line":18,"column":7}},{"start":{"line":18,"column":49},"end":{"line":18,"column":8}},{"start":{"line":18,"column":102},"end":{"line":18,"column":4}}]},"7":{"loc":{"start":{"line":21,"column":4},"end":{"line":23,"column":5}},"type":"if","locations":[{"start":{"line":21,"column":4},"end":{"line":23,"column":5}},{"start":{"line":21,"column":4},"end":{"line":23,"column":5}}]},"8":{"loc":{"start":{"line":24,"column":4},"end":{"line":26,"column":5}},"type":"if","locations":[{"start":{"line":24,"column":4},"end":{"line":26,"column":5}},{"start":{"line":24,"column":4},"end":{"line":26,"column":5}}]},"9":{"loc":{"start":{"line":27,"column":4},"end":{"line":29,"column":5}},"type":"if","locations":[{"start":{"line":27,"column":4},"end":{"line":29,"column":5}},{"start":{"line":27,"column":4},"end":{"line":29,"column":5}}]},"10":{"loc":{"start":{"line":27,"column":8},"end":{"line":27,"column":7}},"type":"binary-expr","locations":[{"start":{"line":27,"column":8},"end":{"line":27,"column":7}},{"start":{"line":27,"column":33},"end":{"line":27,"column":4}}]}},"s":{"0":1,"1":1,"2":1,"3":124,"4":31,"5":31,"6":31,"7":5,"8":31,"9":3,"10":31,"11":4,"12":31,"13":4,"14":31,"15":14,"16":31,"17":15,"18":31,"19":9,"20":31,"21":2,"22":31,"23":1},"f":{"0":31},"b":{"0":[31,0],"1":[5,26],"2":[3,28],"3":[4,27],"4":[4,27],"5":[14,17],"6":[31,31,31],"7":[15,16],"8":[9,22],"9":[2,29],"10":[31,4]}},"c:/git/syfofront/web/src/frontend/js/containers/SykmeldingerSorteringContainer.js":{"path":"c:/git/syfofront/web/src/frontend/js/containers/SykmeldingerSorteringContainer.js","statementMap":{"0":{"start":{"line":1,"column":0},"end":{"line":null,"column":-1}},"1":{"start":{"line":2,"column":0},"end":{"line":null,"column":-1}},"2":{"start":{"line":3,"column":0},"end":{"line":null,"column":-1}},"3":{"start":{"line":4,"column":0},"end":{"line":null,"column":-1}},"4":{"start":{"line":5,"column":0},"end":{"line":null,"column":-1}},"5":{"start":{"line":7,"column":26},"end":{"line":7,"column":0}},"6":{"start":{"line":7,"column":89},"end":{"line":7,"column":88}},"7":{"start":{"line":8,"column":4},"end":{"line":null,"column":-1}},"8":{"start":{"line":12,"column":16},"end":{"line":null,"column":-1}},"9":{"start":{"line":18,"column":0},"end":{"line":null,"column":-1}},"10":{"start":{"line":26,"column":24},"end":{"line":26,"column":4}},"11":{"start":{"line":28,"column":4},"end":{"line":null,"column":-1}},"12":{"start":{"line":40,"column":39},"end":{"line":40,"column":0}}},"fnMap":{"0":{"name":"DropdownContainer","decl":{"start":{"line":7,"column":6},"end":{"line":7,"column":26}},"loc":{"start":{"line":7,"column":89},"end":{"line":7,"column":0}}},"1":{"name":"onChange","decl":{"start":{"line":11,"column":132},"end":{"line":11,"column":132}},"loc":{"start":{"line":11,"column":147},"end":{"line":11,"column":12}}},"2":{"name":"mapStateToProps","decl":{"start":{"line":25,"column":9},"end":{"line":25,"column":0}},"loc":{"start":{"line":25,"column":32},"end":{"line":38,"column":1}}}},"branchMap":{},"s":{"0":1,"1":1,"2":1,"3":1,"4":1,"5":1,"6":0,"7":0,"8":0,"9":1,"10":0,"11":0,"12":1},"f":{"0":0,"1":0,"2":0},"b":{}},"c:/git/syfofront/web/src/frontend/js/components/skjema/Dropdown.js":{"path":"c:/git/syfofront/web/src/frontend/js/components/skjema/Dropdown.js","statementMap":{"0":{"start":{"line":1,"column":0},"end":{"line":null,"column":-1}},"1":{"start":{"line":3,"column":17},"end":{"line":3,"column":0}},"2":{"start":{"line":3,"column":84},"end":{"line":3,"column":83}},"3":{"start":{"line":4,"column":4},"end":{"line":null,"column":-1}},"4":{"start":{"line":5,"column":30},"end":{"line":null,"column":-1}},"5":{"start":{"line":11,"column":12},"end":{"line":null,"column":-1}},"6":{"start":{"line":17,"column":0},"end":{"line":null,"column":-1}},"7":{"start":{"line":25,"column":0},"end":{"line":null,"column":-1}},"8":{"start":{"line":27,"column":8},"end":{"line":null,"column":-1}}},"fnMap":{"0":{"name":"Dropdown","decl":{"start":{"line":3,"column":6},"end":{"line":3,"column":17}},"loc":{"start":{"line":3,"column":84},"end":{"line":3,"column":0}}},"1":{"name":"onChange","decl":{"start":{"line":5,"column":18},"end":{"line":5,"column":18}},"loc":{"start":{"line":5,"column":29},"end":{"line":4,"column":12}}},"2":{"name":"(anonymous_3)","decl":{"start":{"line":10,"column":26},"end":{"line":10,"column":26}},"loc":{"start":{"line":10,"column":40},"end":{"line":10,"column":9}}},"3":{"name":"onChange","decl":{"start":{"line":26,"column":14},"end":{"line":26,"column":19}},"loc":{"start":{"line":26,"column":20},"end":{"line":28,"column":5}}}},"branchMap":{},"s":{"0":1,"1":1,"2":25,"3":5,"4":1,"5":19,"6":1,"7":1,"8":0},"f":{"0":5,"1":1,"2":19,"3":0},"b":{}},"c:/git/syfofront/web/src/frontend/js/components/sykmelding/DinSendteSykmelding.js":{"path":"c:/git/syfofront/web/src/frontend/js/components/sykmelding/DinSendteSykmelding.js","statementMap":{"0":{"start":{"line":1,"column":0},"end":{"line":null,"column":-1}},"1":{"start":{"line":2,"column":0},"end":{"line":null,"column":-1}},"2":{"start":{"line":3,"column":0},"end":{"line":null,"column":-1}},"3":{"start":{"line":4,"column":0},"end":{"line":null,"column":-1}},"4":{"start":{"line":5,"column":0},"end":{"line":null,"column":-1}},"5":{"start":{"line":6,"column":0},"end":{"line":null,"column":-1}},"6":{"start":{"line":8,"column":28},"end":{"line":8,"column":0}},"7":{"start":{"line":8,"column":89},"end":{"line":8,"column":88}},"8":{"start":{"line":9,"column":4},"end":{"line":null,"column":-1}},"9":{"start":{"line":29,"column":0},"end":{"line":null,"column":-1}}},"fnMap":{"0":{"name":"DinSendteSykmelding","decl":{"start":{"line":8,"column":6},"end":{"line":8,"column":28}},"loc":{"start":{"line":8,"column":89},"end":{"line":8,"column":0}}}},"branchMap":{},"s":{"0":1,"1":1,"2":1,"3":1,"4":1,"5":1,"6":1,"7":9,"8":3,"9":1},"f":{"0":3},"b":{}},"c:/git/syfofront/web/src/frontend/js/components/StatusPanel.js":{"path":"c:/git/syfofront/web/src/frontend/js/components/StatusPanel.js","statementMap":{"0":{"start":{"line":1,"column":0},"end":{"line":null,"column":-1}},"1":{"start":{"line":2,"column":0},"end":{"line":null,"column":-1}},"2":{"start":{"line":3,"column":0},"end":{"line":null,"column":-1}},"3":{"start":{"line":5,"column":20},"end":{"line":5,"column":0}},"4":{"start":{"line":5,"column":79},"end":{"line":5,"column":78}},"5":{"start":{"line":6,"column":17},"end":{"line":6,"column":4}},"6":{"start":{"line":7,"column":8},"end":{"line":null,"column":-1}},"7":{"start":{"line":10,"column":20},"end":{"line":null,"column":-1}},"8":{"start":{"line":15,"column":4},"end":{"line":null,"column":-1}},"9":{"start":{"line":25,"column":0},"end":{"line":null,"column":-1}}},"fnMap":{"0":{"name":"StatusPanel","decl":{"start":{"line":5,"column":6},"end":{"line":5,"column":20}},"loc":{"start":{"line":5,"column":79},"end":{"line":5,"column":0}}},"1":{"name":"(anonymous_2)","decl":{"start":{"line":6,"column":40},"end":{"line":6,"column":40}},"loc":{"start":{"line":6,"column":57},"end":{"line":6,"column":17}}},"2":{"name":"(anonymous_3)","decl":{"start":{"line":9,"column":24},"end":{"line":9,"column":24}},"loc":{"start":{"line":9,"column":54},"end":{"line":9,"column":16}}}},"branchMap":{},"s":{"0":1,"1":1,"2":1,"3":1,"4":24,"5":6,"6":10,"7":20,"8":6,"9":1},"f":{"0":6,"1":10,"2":20},"b":{}},"c:/git/syfofront/web/src/frontend/js/nokkelopplysninger/StatusOpplysning.js":{"path":"c:/git/syfofront/web/src/frontend/js/nokkelopplysninger/StatusOpplysning.js","statementMap":{"0":{"start":{"line":1,"column":0},"end":{"line":null,"column":-1}},"1":{"start":{"line":2,"column":0},"end":{"line":null,"column":-1}},"2":{"start":{"line":3,"column":0},"end":{"line":null,"column":-1}},"3":{"start":{"line":5,"column":15},"end":{"line":5,"column":0}},"4":{"start":{"line":5,"column":44},"end":{"line":5,"column":43}},"5":{"start":{"line":6,"column":4},"end":{"line":null,"column":-1}},"6":{"start":{"line":11,"column":0},"end":{"line":null,"column":-1}},"7":{"start":{"line":16,"column":21},"end":{"line":16,"column":0}},"8":{"start":{"line":16,"column":61},"end":{"line":16,"column":60}},"9":{"start":{"line":17,"column":17},"end":{"line":17,"column":4}},"10":{"start":{"line":18,"column":4},"end":{"line":22,"column":5}},"11":{"start":{"line":19,"column":8},"end":{"line":null,"column":-1}},"12":{"start":{"line":20,"column":11},"end":{"line":22,"column":5}},"13":{"start":{"line":21,"column":8},"end":{"line":null,"column":-1}},"14":{"start":{"line":23,"column":4},"end":{"line":null,"column":-1}},"15":{"start":{"line":28,"column":0},"end":{"line":null,"column":-1}},"16":{"start":{"line":34,"column":21},"end":{"line":34,"column":0}},"17":{"start":{"line":34,"column":56},"end":{"line":34,"column":55}},"18":{"start":{"line":35,"column":4},"end":{"line":null,"column":-1}},"19":{"start":{"line":40,"column":0},"end":{"line":null,"column":-1}},"20":{"start":{"line":45,"column":18},"end":{"line":45,"column":0}},"21":{"start":{"line":45,"column":50},"end":{"line":45,"column":49}},"22":{"start":{"line":46,"column":21},"end":{"line":46,"column":4}},"23":{"start":{"line":47,"column":4},"end":{"line":49,"column":5}},"24":{"start":{"line":48,"column":8},"end":{"line":null,"column":-1}},"25":{"start":{"line":50,"column":4},"end":{"line":null,"column":-1}},"26":{"start":{"line":55,"column":0},"end":{"line":null,"column":-1}},"27":{"start":{"line":60,"column":25},"end":{"line":60,"column":0}},"28":{"start":{"line":60,"column":76},"end":{"line":60,"column":75}},"29":{"start":{"line":61,"column":4},"end":{"line":null,"column":-1}},"30":{"start":{"line":63,"column":12},"end":{"line":null,"column":-1}},"31":{"start":{"line":66,"column":12},"end":{"line":null,"column":-1}},"32":{"start":{"line":69,"column":12},"end":{"line":null,"column":-1}},"33":{"start":{"line":72,"column":12},"end":{"line":null,"column":-1}},"34":{"start":{"line":75,"column":12},"end":{"line":null,"column":-1}},"35":{"start":{"line":80,"column":0},"end":{"line":null,"column":-1}}},"fnMap":{"0":{"name":"Status","decl":{"start":{"line":5,"column":6},"end":{"line":5,"column":15}},"loc":{"start":{"line":5,"column":44},"end":{"line":5,"column":0}}},"1":{"name":"InnsendtDato","decl":{"start":{"line":16,"column":6},"end":{"line":16,"column":21}},"loc":{"start":{"line":16,"column":61},"end":{"line":16,"column":0}}},"2":{"name":"Arbeidsgiver","decl":{"start":{"line":34,"column":6},"end":{"line":34,"column":21}},"loc":{"start":{"line":34,"column":56},"end":{"line":34,"column":0}}},"3":{"name":"Orgnummer","decl":{"start":{"line":45,"column":6},"end":{"line":45,"column":18}},"loc":{"start":{"line":45,"column":50},"end":{"line":45,"column":0}}},"4":{"name":"StatusOpplysning","decl":{"start":{"line":60,"column":6},"end":{"line":60,"column":25}},"loc":{"start":{"line":60,"column":76},"end":{"line":60,"column":0}}}},"branchMap":{"0":{"loc":{"start":{"line":18,"column":4},"end":{"line":22,"column":5}},"type":"if","locations":[{"start":{"line":18,"column":4},"end":{"line":22,"column":5}},{"start":{"line":18,"column":4},"end":{"line":22,"column":5}}]},"1":{"loc":{"start":{"line":20,"column":11},"end":{"line":22,"column":5}},"type":"if","locations":[{"start":{"line":20,"column":11},"end":{"line":22,"column":5}},{"start":{"line":20,"column":11},"end":{"line":22,"column":5}}]},"2":{"loc":{"start":{"line":47,"column":4},"end":{"line":49,"column":5}},"type":"if","locations":[{"start":{"line":47,"column":4},"end":{"line":49,"column":5}},{"start":{"line":47,"column":4},"end":{"line":49,"column":5}}]},"3":{"loc":{"start":{"line":62,"column":8},"end":{"line":64,"column":9}},"type":"switch","locations":[{"start":{"line":62,"column":8},"end":{"line":64,"column":9}},{"start":{"line":65,"column":8},"end":{"line":67,"column":9}},{"start":{"line":68,"column":8},"end":{"line":70,"column":9}},{"start":{"line":71,"column":8},"end":{"line":73,"column":9}},{"start":{"line":74,"column":8},"end":{"line":76,"column":9}}]}},"s":{"0":1,"1":1,"2":1,"3":1,"4":2,"5":1,"6":1,"7":1,"8":0,"9":0,"10":0,"11":0,"12":0,"13":0,"14":0,"15":1,"16":1,"17":0,"18":0,"19":1,"20":1,"21":0,"22":0,"23":0,"24":0,"25":0,"26":1,"27":1,"28":6,"29":2,"30":1,"31":0,"32":0,"33":0,"34":1,"35":1},"f":{"0":1,"1":0,"2":0,"3":0,"4":2},"b":{"0":[0,0],"1":[0,0],"2":[0,0],"3":[1,0,0,0,1]}},"c:/git/syfofront/web/src/frontend/js/nokkelopplysninger/NokkelOpplysningerEnum.js":{"path":"c:/git/syfofront/web/src/frontend/js/nokkelopplysninger/NokkelOpplysningerEnum.js","statementMap":{"0":{"start":{"line":1,"column":13},"end":{"line":1,"column":7}},"1":{"start":{"line":2,"column":13},"end":{"line":2,"column":7}},"2":{"start":{"line":3,"column":13},"end":{"line":3,"column":7}},"3":{"start":{"line":4,"column":13},"end":{"line":4,"column":7}}},"fnMap":{},"branchMap":{},"s":{"0":1,"1":1,"2":1,"3":1},"f":{},"b":{}},"c:/git/syfofront/web/src/frontend/js/components/Varselstripe.js":{"path":"c:/git/syfofront/web/src/frontend/js/components/Varselstripe.js","statementMap":{"0":{"start":{"line":1,"column":0},"end":{"line":null,"column":-1}},"1":{"start":{"line":3,"column":21},"end":{"line":3,"column":0}},"2":{"start":{"line":3,"column":57},"end":{"line":3,"column":56}},"3":{"start":{"line":3,"column":57},"end":{"line":null,"column":-1}},"4":{"start":{"line":4,"column":10},"end":{"line":4,"column":4}},"5":{"start":{"line":5,"column":33},"end":{"line":5,"column":4}},"6":{"start":{"line":6,"column":8},"end":{"line":6,"column":4}},"7":{"start":{"line":7,"column":18},"end":{"line":7,"column":4}},"8":{"start":{"line":9,"column":4},"end":{"line":null,"column":-1}},"9":{"start":{"line":11,"column":12},"end":{"line":null,"column":-1}},"10":{"start":{"line":12,"column":12},"end":{"line":null,"column":-1}},"11":{"start":{"line":13,"column":12},"end":{"line":null,"column":-1}},"12":{"start":{"line":16,"column":12},"end":{"line":null,"column":-1}},"13":{"start":{"line":17,"column":12},"end":{"line":null,"column":-1}},"14":{"start":{"line":20,"column":12},"end":{"line":null,"column":-1}},"15":{"start":{"line":21,"column":12},"end":{"line":null,"column":-1}},"16":{"start":{"line":24,"column":12},"end":{"line":null,"column":-1}},"17":{"start":{"line":25,"column":12},"end":{"line":null,"column":-1}},"18":{"start":{"line":26,"column":12},"end":{"line":null,"column":-1}},"19":{"start":{"line":29,"column":12},"end":{"line":null,"column":-1}},"20":{"start":{"line":30,"column":12},"end":{"line":null,"column":-1}},"21":{"start":{"line":33,"column":4},"end":{"line":null,"column":-1}},"22":{"start":{"line":41,"column":0},"end":{"line":null,"column":-1}}},"fnMap":{"0":{"name":"Varselstripe","decl":{"start":{"line":3,"column":6},"end":{"line":3,"column":21}},"loc":{"start":{"line":3,"column":57},"end":{"line":3,"column":0}}}},"branchMap":{"0":{"loc":{"start":{"line":3,"column":31},"end":{"line":3,"column":57}},"type":"cond-expr","locations":[{"start":{"line":3,"column":31},"end":{"line":3,"column":57}},{"start":{"line":3,"column":57},"end":{"line":null,"column":-1}}]},"1":{"loc":{"start":{"line":10,"column":8},"end":{"line":14,"column":9}},"type":"switch","locations":[{"start":{"line":10,"column":8},"end":{"line":14,"column":9}},{"start":{"line":15,"column":8},"end":{"line":18,"column":9}},{"start":{"line":19,"column":8},"end":{"line":22,"column":9}},{"start":{"line":23,"column":8},"end":{"line":27,"column":9}},{"start":{"line":28,"column":8},"end":{"line":31,"column":9}}]},"2":{"loc":{"start":{"line":33,"column":52},"end":{"line":33,"column":45}},"type":"cond-expr","locations":[{"start":{"line":33,"column":52},"end":{"line":33,"column":45}},{"start":{"line":33,"column":64},"end":{"line":33,"column":17}}]}},"s":{"0":1,"1":1,"2":0,"3":0,"4":0,"5":0,"6":0,"7":0,"8":0,"9":0,"10":0,"11":0,"12":0,"13":0,"14":0,"15":0,"16":0,"17":0,"18":0,"19":0,"20":0,"21":0,"22":1},"f":{"0":0},"b":{"0":[0,0],"1":[0,0,0,0,0],"2":[0,0]}},"c:/git/syfofront/web/src/frontend/js/components/sykmelding/DinSykmeldingSkjema.js":{"path":"c:/git/syfofront/web/src/frontend/js/components/sykmelding/DinSykmeldingSkjema.js","statementMap":{"0":{"start":{"line":1,"column":0},"end":{"line":null,"column":-1}},"1":{"start":{"line":2,"column":0},"end":{"line":null,"column":-1}},"2":{"start":{"line":3,"column":0},"end":{"line":null,"column":-1}},"3":{"start":{"line":4,"column":0},"end":{"line":null,"column":-1}},"4":{"start":{"line":5,"column":0},"end":{"line":null,"column":-1}},"5":{"start":{"line":6,"column":0},"end":{"line":null,"column":-1}},"6":{"start":{"line":7,"column":0},"end":{"line":null,"column":-1}},"7":{"start":{"line":8,"column":0},"end":{"line":null,"column":-1}},"8":{"start":{"line":9,"column":0},"end":{"line":null,"column":-1}},"9":{"start":{"line":10,"column":0},"end":{"line":null,"column":-1}},"10":{"start":{"line":14,"column":23},"end":{"line":null,"column":-1}},"11":{"start":{"line":16,"column":8},"end":{"line":null,"column":-1}},"12":{"start":{"line":20,"column":8},"end":{"line":23,"column":9}},"13":{"start":{"line":22,"column":12},"end":{"line":null,"column":-1}},"14":{"start":{"line":27,"column":8},"end":{"line":29,"column":9}},"15":{"start":{"line":28,"column":12},"end":{"line":null,"column":-1}},"16":{"start":{"line":30,"column":90},"end":{"line":26,"column":55}},"17":{"start":{"line":31,"column":8},"end":{"line":33,"column":9}},"18":{"start":{"line":32,"column":12},"end":{"line":null,"column":-1}},"19":{"start":{"line":34,"column":8},"end":{"line":36,"column":9}},"20":{"start":{"line":35,"column":12},"end":{"line":null,"column":-1}},"21":{"start":{"line":37,"column":8},"end":{"line":39,"column":9}},"22":{"start":{"line":38,"column":12},"end":{"line":null,"column":-1}},"23":{"start":{"line":40,"column":8},"end":{"line":null,"column":-1}},"24":{"start":{"line":45,"column":31},"end":{"line":44,"column":32}},"25":{"start":{"line":46,"column":39},"end":{"line":46,"column":8}},"26":{"start":{"line":47,"column":39},"end":{"line":47,"column":8}},"27":{"start":{"line":48,"column":8},"end":{"line":50,"column":9}},"28":{"start":{"line":49,"column":12},"end":{"line":null,"column":-1}},"29":{"start":{"line":51,"column":8},"end":{"line":null,"column":-1}},"30":{"start":{"line":55,"column":8},"end":{"line":null,"column":-1}},"31":{"start":{"line":59,"column":8},"end":{"line":null,"column":-1}},"32":{"start":{"line":63,"column":22},"end":{"line":63,"column":8}},"33":{"start":{"line":64,"column":120},"end":{"line":62,"column":25}},"34":{"start":{"line":62,"column":25},"end":{"line":62,"column":24}},"35":{"start":{"line":65,"column":37},"end":{"line":65,"column":8}},"36":{"start":{"line":66,"column":8},"end":{"line":70,"column":9}},"37":{"start":{"line":67,"column":12},"end":{"line":69,"column":13}},"38":{"start":{"line":68,"column":16},"end":{"line":null,"column":-1}},"39":{"start":{"line":71,"column":8},"end":{"line":null,"column":-1}},"40":{"start":{"line":72,"column":8},"end":{"line":79,"column":9}},"41":{"start":{"line":73,"column":12},"end":{"line":77,"column":13}},"42":{"start":{"line":74,"column":16},"end":{"line":76,"column":17}},"43":{"start":{"line":75,"column":20},"end":{"line":null,"column":-1}},"44":{"start":{"line":78,"column":12},"end":{"line":null,"column":-1}},"45":{"start":{"line":80,"column":8},"end":{"line":null,"column":-1}},"46":{"start":{"line":81,"column":8},"end":{"line":null,"column":-1}},"47":{"start":{"line":83,"column":8},"end":{"line":null,"column":-1}},"48":{"start":{"line":85,"column":16},"end":{"line":null,"column":-1}},"49":{"start":{"line":86,"column":16},"end":{"line":null,"column":-1}},"50":{"start":{"line":89,"column":16},"end":{"line":null,"column":-1}},"51":{"start":{"line":90,"column":16},"end":{"line":null,"column":-1}},"52":{"start":{"line":93,"column":16},"end":{"line":null,"column":-1}},"53":{"start":{"line":96,"column":16},"end":{"line":null,"column":-1}},"54":{"start":{"line":99,"column":16},"end":{"line":null,"column":-1}},"55":{"start":{"line":104,"column":13},"end":{"line":null,"column":-1}},"56":{"start":{"line":105,"column":154},"end":{"line":104,"column":13}},"57":{"start":{"line":104,"column":13},"end":{"line":104,"column":12}},"58":{"start":{"line":106,"column":23},"end":{"line":106,"column":8}},"59":{"start":{"line":107,"column":22},"end":{"line":107,"column":8}},"60":{"start":{"line":109,"column":8},"end":{"line":null,"column":-1}},"61":{"start":{"line":154,"column":32},"end":{"line":null,"column":-1}},"62":{"start":{"line":155,"column":32},"end":{"line":null,"column":-1}},"63":{"start":{"line":163,"column":28},"end":{"line":null,"column":-1}},"64":{"start":{"line":166,"column":28},"end":{"line":null,"column":-1}},"65":{"start":{"line":168,"column":28},"end":{"line":null,"column":-1}},"66":{"start":{"line":177,"column":0},"end":{"line":null,"column":-1}},"67":{"start":{"line":201,"column":13},"end":{"line":201,"column":7}},"68":{"start":{"line":201,"column":48},"end":{"line":201,"column":47}},"69":{"start":{"line":202,"column":26},"end":{"line":202,"column":4}},"70":{"start":{"line":204,"column":4},"end":{"line":207,"column":5}},"71":{"start":{"line":206,"column":8},"end":{"line":null,"column":-1}},"72":{"start":{"line":208,"column":4},"end":{"line":210,"column":5}},"73":{"start":{"line":209,"column":8},"end":{"line":null,"column":-1}},"74":{"start":{"line":211,"column":4},"end":{"line":213,"column":5}},"75":{"start":{"line":212,"column":8},"end":{"line":null,"column":-1}},"76":{"start":{"line":214,"column":4},"end":{"line":216,"column":5}},"77":{"start":{"line":215,"column":8},"end":{"line":null,"column":-1}},"78":{"start":{"line":217,"column":4},"end":{"line":219,"column":5}},"79":{"start":{"line":218,"column":8},"end":{"line":null,"column":-1}},"80":{"start":{"line":220,"column":4},"end":{"line":222,"column":5}},"81":{"start":{"line":221,"column":8},"end":{"line":null,"column":-1}},"82":{"start":{"line":223,"column":4},"end":{"line":null,"column":-1}},"83":{"start":{"line":226,"column":28},"end":{"line":226,"column":0}}},"fnMap":{"0":{"name":"DinSykmeldingSkjemaComponent","decl":{"start":{"line":14,"column":4},"end":{"line":14,"column":15}},"loc":{"start":{"line":14,"column":23},"end":{"line":17,"column":5}}},"1":{"name":"onClick","decl":{"start":{"line":153,"column":126},"end":{"line":153,"column":126}},"loc":{"start":{"line":153,"column":133},"end":{"line":153,"column":28}}},"2":{"name":"avbrytHandler","decl":{"start":{"line":162,"column":129},"end":{"line":162,"column":134}},"loc":{"start":{"line":162,"column":135},"end":{"line":162,"column":54}}},"3":{"name":"bekreftHandler","decl":{"start":{"line":167,"column":43},"end":{"line":167,"column":48}},"loc":{"start":{"line":167,"column":49},"end":{"line":162,"column":54}}},"4":{"name":"validate","decl":{"start":{"line":201,"column":13},"end":{"line":201,"column":24}},"loc":{"start":{"line":201,"column":48},"end":{"line":201,"column":7}}}},"branchMap":{"0":{"loc":{"start":{"line":14,"column":23},"end":{"line":15,"column":13}},"type":"binary-expr","locations":[{"start":{"line":14,"column":23},"end":{"line":15,"column":13}},{"start":{"line":14,"column":23},"end":{"line":15,"column":13}}]},"1":{"loc":{"start":{"line":20,"column":8},"end":{"line":23,"column":9}},"type":"if","locations":[{"start":{"line":20,"column":8},"end":{"line":23,"column":9}},{"start":{"line":20,"column":8},"end":{"line":23,"column":9}}]},"2":{"loc":{"start":{"line":27,"column":8},"end":{"line":29,"column":9}},"type":"if","locations":[{"start":{"line":27,"column":8},"end":{"line":29,"column":9}},{"start":{"line":27,"column":8},"end":{"line":29,"column":9}}]},"3":{"loc":{"start":{"line":31,"column":8},"end":{"line":33,"column":9}},"type":"if","locations":[{"start":{"line":31,"column":8},"end":{"line":33,"column":9}},{"start":{"line":31,"column":8},"end":{"line":33,"column":9}}]},"4":{"loc":{"start":{"line":31,"column":12},"end":{"line":31,"column":11}},"type":"binary-expr","locations":[{"start":{"line":31,"column":12},"end":{"line":31,"column":11}},{"start":{"line":31,"column":48},"end":{"line":31,"column":12}},{"start":{"line":31,"column":75},"end":{"line":31,"column":74}},{"start":{"line":31,"column":109},"end":{"line":31,"column":12}}]},"5":{"loc":{"start":{"line":34,"column":8},"end":{"line":36,"column":9}},"type":"if","locations":[{"start":{"line":34,"column":8},"end":{"line":36,"column":9}},{"start":{"line":34,"column":8},"end":{"line":36,"column":9}}]},"6":{"loc":{"start":{"line":37,"column":8},"end":{"line":39,"column":9}},"type":"if","locations":[{"start":{"line":37,"column":8},"end":{"line":39,"column":9}},{"start":{"line":37,"column":8},"end":{"line":39,"column":9}}]},"7":{"loc":{"start":{"line":37,"column":12},"end":{"line":37,"column":11}},"type":"binary-expr","locations":[{"start":{"line":37,"column":12},"end":{"line":37,"column":11}},{"start":{"line":37,"column":56},"end":{"line":37,"column":12}},{"start":{"line":37,"column":87},"end":{"line":37,"column":8}}]},"8":{"loc":{"start":{"line":48,"column":8},"end":{"line":50,"column":9}},"type":"if","locations":[{"start":{"line":48,"column":8},"end":{"line":50,"column":9}},{"start":{"line":48,"column":8},"end":{"line":50,"column":9}}]},"9":{"loc":{"start":{"line":59,"column":15},"end":{"line":59,"column":14}},"type":"binary-expr","locations":[{"start":{"line":59,"column":15},"end":{"line":59,"column":14}},{"start":{"line":59,"column":43},"end":{"line":59,"column":8}}]},"10":{"loc":{"start":{"line":67,"column":12},"end":{"line":69,"column":13}},"type":"if","locations":[{"start":{"line":67,"column":12},"end":{"line":69,"column":13}},{"start":{"line":67,"column":12},"end":{"line":69,"column":13}}]},"11":{"loc":{"start":{"line":72,"column":8},"end":{"line":79,"column":9}},"type":"if","locations":[{"start":{"line":72,"column":8},"end":{"line":79,"column":9}},{"start":{"line":72,"column":8},"end":{"line":79,"column":9}}]},"12":{"loc":{"start":{"line":74,"column":16},"end":{"line":76,"column":17}},"type":"if","locations":[{"start":{"line":74,"column":16},"end":{"line":76,"column":17}},{"start":{"line":74,"column":16},"end":{"line":76,"column":17}}]},"13":{"loc":{"start":{"line":84,"column":12},"end":{"line":87,"column":13}},"type":"switch","locations":[{"start":{"line":84,"column":12},"end":{"line":87,"column":13}},{"start":{"line":88,"column":12},"end":{"line":91,"column":13}},{"start":{"line":92,"column":12},"end":{"line":97,"column":13}},{"start":{"line":98,"column":12},"end":{"line":100,"column":13}}]},"14":{"loc":{"start":{"line":106,"column":57},"end":{"line":106,"column":23}},"type":"cond-expr","locations":[{"start":{"line":106,"column":57},"end":{"line":106,"column":23}},{"start":{"line":106,"column":77},"end":{"line":106,"column":8}}]},"15":{"loc":{"start":{"line":106,"column":23},"end":{"line":106,"column":36}},"type":"binary-expr","locations":[{"start":{"line":106,"column":23},"end":{"line":106,"column":36}},{"start":{"line":106,"column":37},"end":{"line":106,"column":23}}]},"16":{"loc":{"start":{"line":112,"column":16},"end":{"line":112,"column":29}},"type":"binary-expr","locations":[{"start":{"line":112,"column":16},"end":{"line":112,"column":29}},{"start":{"line":112,"column":30},"end":{"line":109,"column":16}}]},"17":{"loc":{"start":{"line":115,"column":16},"end":{"line":115,"column":15}},"type":"binary-expr","locations":[{"start":{"line":115,"column":16},"end":{"line":115,"column":15}},{"start":{"line":115,"column":38},"end":{"line":109,"column":16}}]},"18":{"loc":{"start":{"line":118,"column":16},"end":{"line":118,"column":15}},"type":"binary-expr","locations":[{"start":{"line":118,"column":16},"end":{"line":118,"column":15}},{"start":{"line":118,"column":67},"end":{"line":118,"column":16}},{"start":{"line":119,"column":20},"end":{"line":109,"column":16}}]},"19":{"loc":{"start":{"line":121,"column":28},"end":{"line":121,"column":27}},"type":"binary-expr","locations":[{"start":{"line":121,"column":28},"end":{"line":121,"column":27}},{"start":{"line":121,"column":59},"end":{"line":119,"column":20}}]},"20":{"loc":{"start":{"line":124,"column":28},"end":{"line":124,"column":57}},"type":"binary-expr","locations":[{"start":{"line":124,"column":28},"end":{"line":124,"column":57}},{"start":{"line":124,"column":58},"end":{"line":119,"column":20}}]},"21":{"loc":{"start":{"line":131,"column":17},"end":{"line":131,"column":33}},"type":"binary-expr","locations":[{"start":{"line":131,"column":17},"end":{"line":131,"column":33}},{"start":{"line":131,"column":34},"end":{"line":131,"column":16}},{"start":{"line":132,"column":16},"end":{"line":null,"column":-1}}]},"22":{"loc":{"start":{"line":140,"column":40},"end":{"line":140,"column":16}},"type":"cond-expr","locations":[{"start":{"line":140,"column":40},"end":{"line":140,"column":16}},{"start":{"line":140,"column":47},"end":{"line":109,"column":16}}]},"23":{"loc":{"start":{"line":144,"column":54},"end":{"line":144,"column":33}},"type":"cond-expr","locations":[{"start":{"line":144,"column":54},"end":{"line":144,"column":33}},{"start":{"line":144,"column":87},"end":{"line":144,"column":20}}]},"24":{"loc":{"start":{"line":145,"column":75},"end":{"line":145,"column":54}},"type":"cond-expr","locations":[{"start":{"line":145,"column":75},"end":{"line":145,"column":54}},{"start":{"line":145,"column":90},"end":{"line":145,"column":24}}]},"25":{"loc":{"start":{"line":145,"column":118},"end":{"line":145,"column":107}},"type":"cond-expr","locations":[{"start":{"line":145,"column":118},"end":{"line":145,"column":107}},{"start":{"line":145,"column":158},"end":{"line":145,"column":24}}]},"26":{"loc":{"start":{"line":152,"column":24},"end":{"line":152,"column":23}},"type":"binary-expr","locations":[{"start":{"line":152,"column":24},"end":{"line":152,"column":23}},{"start":{"line":152,"column":46},"end":{"line":150,"column":16}}]},"27":{"loc":{"start":{"line":162,"column":24},"end":{"line":162,"column":23}},"type":"binary-expr","locations":[{"start":{"line":162,"column":24},"end":{"line":162,"column":23}},{"start":{"line":162,"column":54},"end":{"line":null,"column":-1}}]},"28":{"loc":{"start":{"line":201,"column":48},"end":{"line":201,"column":40}},"type":"cond-expr","locations":[{"start":{"line":201,"column":48},"end":{"line":201,"column":40}},{"start":{"line":201,"column":41},"end":{"line":201,"column":48}}]},"29":{"loc":{"start":{"line":201,"column":48},"end":{"line":201,"column":40}},"type":"binary-expr","locations":[{"start":{"line":201,"column":48},"end":{"line":201,"column":40}},{"start":{"line":201,"column":48},"end":{"line":201,"column":40}}]},"30":{"loc":{"start":{"line":204,"column":4},"end":{"line":207,"column":5}},"type":"if","locations":[{"start":{"line":204,"column":4},"end":{"line":207,"column":5}},{"start":{"line":204,"column":4},"end":{"line":207,"column":5}}]},"31":{"loc":{"start":{"line":204,"column":8},"end":{"line":204,"column":7}},"type":"binary-expr","locations":[{"start":{"line":204,"column":8},"end":{"line":204,"column":7}},{"start":{"line":204,"column":51},"end":{"line":204,"column":8}},{"start":{"line":205,"column":9},"end":{"line":205,"column":8}},{"start":{"line":205,"column":50},"end":{"line":204,"column":8}}]},"32":{"loc":{"start":{"line":208,"column":4},"end":{"line":210,"column":5}},"type":"if","locations":[{"start":{"line":208,"column":4},"end":{"line":210,"column":5}},{"start":{"line":208,"column":4},"end":{"line":210,"column":5}}]},"33":{"loc":{"start":{"line":211,"column":4},"end":{"line":213,"column":5}},"type":"if","locations":[{"start":{"line":211,"column":4},"end":{"line":213,"column":5}},{"start":{"line":211,"column":4},"end":{"line":213,"column":5}}]},"34":{"loc":{"start":{"line":214,"column":4},"end":{"line":216,"column":5}},"type":"if","locations":[{"start":{"line":214,"column":4},"end":{"line":216,"column":5}},{"start":{"line":214,"column":4},"end":{"line":216,"column":5}}]},"35":{"loc":{"start":{"line":214,"column":8},"end":{"line":214,"column":7}},"type":"binary-expr","locations":[{"start":{"line":214,"column":8},"end":{"line":214,"column":7}},{"start":{"line":214,"column":52},"end":{"line":214,"column":51}},{"start":{"line":214,"column":86},"end":{"line":214,"column":8}}]},"36":{"loc":{"start":{"line":217,"column":4},"end":{"line":219,"column":5}},"type":"if","locations":[{"start":{"line":217,"column":4},"end":{"line":219,"column":5}},{"start":{"line":217,"column":4},"end":{"line":219,"column":5}}]},"37":{"loc":{"start":{"line":217,"column":8},"end":{"line":217,"column":7}},"type":"binary-expr","locations":[{"start":{"line":217,"column":8},"end":{"line":217,"column":7}},{"start":{"line":217,"column":60},"end":{"line":217,"column":59}},{"start":{"line":217,"column":89},"end":{"line":217,"column":8}},{"start":{"line":217,"column":129},"end":{"line":217,"column":4}}]},"38":{"loc":{"start":{"line":220,"column":4},"end":{"line":222,"column":5}},"type":"if","locations":[{"start":{"line":220,"column":4},"end":{"line":222,"column":5}},{"start":{"line":220,"column":4},"end":{"line":222,"column":5}}]}},"s":{"0":1,"1":1,"2":1,"3":1,"4":1,"5":1,"6":1,"7":1,"8":1,"9":1,"10":105,"11":35,"12":0,"13":0,"14":45,
[...]
:17},"end":{"line":6,"column":7}},"loc":{"start":{"line":6,"column":7},"end":{"line":null,"column":-1}}},"1":{"name":"hentDineArbeidsgivere$","decl":{"start":{"line":6,"column":7},"end":{"line":null,"column":-1}},"loc":{"start":{"line":6,"column":7},"end":{"line":null,"column":-1}}},"2":{"name":"watchHentArbeidsgiversSykmeldinger","decl":{"start":{"line":17,"column":10},"end":{"line":17,"column":0}},"loc":{"start":{"line":17,"column":0},"end":{"line":null,"column":-1}}},"3":{"name":"watchHentArbeidsgiversSykmeldinger$","decl":{"start":{"line":17,"column":0},"end":{"line":null,"column":-1}},"loc":{"start":{"line":17,"column":0},"end":{"line":null,"column":-1}}},"4":{"name":"dineSykmeldingerSagas","decl":{"start":{"line":21,"column":25},"end":{"line":21,"column":15}},"loc":{"start":{"line":21,"column":15},"end":{"line":null,"column":-1}}},"5":{"name":"dineSykmeldingerSagas$","decl":{"start":{"line":21,"column":15},"end":{"line":null,"column":-1}},"loc":{"start":{"line":21,"column":15},"end":{"line":null,"column":-1}}}},"branchMap":{"0":{"loc":{"start":{"line":6,"column":7},"end":{"line":null,"column":-1}},"type":"switch","locations":[{"start":{"line":6,"column":7},"end":{"line":null,"column":-1}},{"start":{"line":6,"column":7},"end":{"line":null,"column":-1}},{"start":{"line":6,"column":7},"end":{"line":null,"column":-1}},{"start":{"line":6,"column":7},"end":{"line":null,"column":-1}},{"start":{"line":6,"column":7},"end":{"line":null,"column":-1}},{"start":{"line":6,"column":7},"end":{"line":null,"column":-1}},{"start":{"line":6,"column":7},"end":{"line":null,"column":-1}}]},"1":{"loc":{"start":{"line":17,"column":0},"end":{"line":null,"column":-1}},"type":"switch","locations":[{"start":{"line":17,"column":0},"end":{"line":null,"column":-1}},{"start":{"line":17,"column":0},"end":{"line":null,"column":-1}},{"start":{"line":17,"column":0},"end":{"line":null,"column":-1}}]},"2":{"loc":{"start":{"line":21,"column":15},"end":{"line":null,"column":-1}},"type":"switch","locations":[{"start":{"line":21,"column":15},"end":{"line":null,"column":-1}},{"start":{"line":21,"column":15},"end":{"line":null,"column":-1}},{"start":{"line":21,"column":15},"end":{"line":null,"column":-1}}]}},"s":{"0":1,"1":1,"2":1,"3":1,"4":14,"5":1,"6":1,"7":0,"8":0},"f":{"0":1,"1":3,"2":0,"3":0,"4":0,"5":0},"b":{"0":[1,1,1,0,0,0,0],"1":[0,0,0],"2":[0,0,0]}},"c:/git/syfofront/web/src/frontend/js/sagas/dineSykmeldingerSagas.js":{"path":"c:/git/syfofront/web/src/frontend/js/sagas/dineSykmeldingerSagas.js","statementMap":{"0":{"start":{"line":1,"column":0},"end":{"line":null,"column":-1}},"1":{"start":{"line":2,"column":0},"end":{"line":null,"column":-1}},"2":{"start":{"line":3,"column":0},"end":{"line":null,"column":-1}},"3":{"start":{"line":4,"column":0},"end":{"line":null,"column":-1}},"4":{"start":{"line":6,"column":7},"end":{"line":null,"column":-1}},"5":{"start":{"line":9,"column":14},"end":{"line":6,"column":7}},"6":{"start":{"line":16,"column":0},"end":{"line":null,"column":-1}},"7":{"start":{"line":20,"column":15},"end":{"line":null,"column":-1}}},"fnMap":{"0":{"name":"hentDineSykmeldinger","decl":{"start":{"line":6,"column":17},"end":{"line":6,"column":7}},"loc":{"start":{"line":6,"column":7},"end":{"line":null,"column":-1}}},"1":{"name":"hentDineSykmeldinger$","decl":{"start":{"line":6,"column":7},"end":{"line":null,"column":-1}},"loc":{"start":{"line":6,"column":7},"end":{"line":null,"column":-1}}},"2":{"name":"watchHentDineSykmeldinger","decl":{"start":{"line":16,"column":10},"end":{"line":16,"column":0}},"loc":{"start":{"line":16,"column":0},"end":{"line":null,"column":-1}}},"3":{"name":"watchHentDineSykmeldinger$","decl":{"start":{"line":16,"column":0},"end":{"line":null,"column":-1}},"loc":{"start":{"line":16,"column":0},"end":{"line":null,"column":-1}}},"4":{"name":"dineSykmeldingerSagas","decl":{"start":{"line":20,"column":25},"end":{"line":20,"column":15}},"loc":{"start":{"line":20,"column":15},"end":{"line":null,"column":-1}}},"5":{"name":"dineSykmeldingerSagas$","decl":{"start":{"line":20,"column":15},"end":{"line":null,"column":-1}},"loc":{"start":{"line":20,"column":15},"end":{"line":null,"column":-1}}}},"branchMap":{"0":{"loc":{"start":{"line":6,"column":7},"end":{"line":null,"column":-1}},"type":"switch","locations":[{"start":{"line":6,"column":7},"end":{"line":null,"column":-1}},{"start":{"line":6,"column":7},"end":{"line":null,"column":-1}},{"start":{"line":6,"column":7},"end":{"line":null,"column":-1}},{"start":{"line":6,"column":7},"end":{"line":null,"column":-1}},{"start":{"line":6,"column":7},"end":{"line":null,"column":-1}},{"start":{"line":6,"column":7},"end":{"line":null,"column":-1}},{"start":{"line":6,"column":7},"end":{"line":null,"column":-1}}]},"1":{"loc":{"start":{"line":16,"column":0},"end":{"line":null,"column":-1}},"type":"switch","locations":[{"start":{"line":16,"column":0},"end":{"line":null,"column":-1}},{"start":{"line":16,"column":0},"end":{"line":null,"column":-1}},{"start":{"line":16,"column":0},"end":{"line":null,"column":-1}}]},"2":{"loc":{"start":{"line":20,"column":15},"end":{"line":null,"column":-1}},"type":"switch","locations":[{"start":{"line":20,"column":15},"end":{"line":null,"column":-1}},{"start":{"line":20,"column":15},"end":{"line":null,"column":-1}},{"start":{"line":20,"column":15},"end":{"line":null,"column":-1}}]}},"s":{"0":1,"1":1,"2":1,"3":1,"4":14,"5":1,"6":0,"7":0},"f":{"0":1,"1":3,"2":0,"3":0,"4":0,"5":0},"b":{"0":[1,1,1,0,0,0,0],"1":[0,0,0],"2":[0,0,0]}},"c:/git/syfofront/web/src/frontend/js/sagas/dinSykmeldingSagas.js":{"path":"c:/git/syfofront/web/src/frontend/js/sagas/dinSykmeldingSagas.js","statementMap":{"0":{"start":{"line":1,"column":0},"end":{"line":null,"column":-1}},"1":{"start":{"line":2,"column":0},"end":{"line":null,"column":-1}},"2":{"start":{"line":3,"column":0},"end":{"line":null,"column":-1}},"3":{"start":{"line":4,"column":0},"end":{"line":null,"column":-1}},"4":{"start":{"line":5,"column":0},"end":{"line":null,"column":-1}},"5":{"start":{"line":7,"column":24},"end":{"line":7,"column":0}},"6":{"start":{"line":8,"column":4},"end":{"line":null,"column":-1}},"7":{"start":{"line":11,"column":7},"end":{"line":null,"column":-1}},"8":{"start":{"line":14,"column":14},"end":{"line":11,"column":7}},"9":{"start":{"line":22,"column":8},"end":{"line":null,"column":-1}},"10":{"start":{"line":28,"column":7},"end":{"line":null,"column":-1}},"11":{"start":{"line":30,"column":10},"end":{"line":28,"column":7}},"12":{"start":{"line":40,"column":8},"end":{"line":null,"column":-1}},"13":{"start":{"line":46,"column":7},"end":{"line":null,"column":-1}},"14":{"start":{"line":48,"column":10},"end":{"line":46,"column":7}},"15":{"start":{"line":54,"column":8},"end":{"line":null,"column":-1}},"16":{"start":{"line":60,"column":0},"end":{"line":null,"column":-1}},"17":{"start":{"line":64,"column":0},"end":{"line":null,"column":-1}},"18":{"start":{"line":68,"column":0},"end":{"line":null,"column":-1}},"19":{"start":{"line":72,"column":15},"end":{"line":null,"column":-1}}},"fnMap":{"0":{"name":"gaTilKvittering","decl":{"start":{"line":7,"column":6},"end":{"line":7,"column":24}},"loc":{"start":{"line":7,"column":42},"end":{"line":7,"column":0}}},"1":{"name":"bekreftSykmelding","decl":{"start":{"line":11,"column":17},"end":{"line":11,"column":7}},"loc":{"start":{"line":11,"column":7},"end":{"line":null,"column":-1}}},"2":{"name":"bekreftSykmelding$","decl":{"start":{"line":11,"column":7},"end":{"line":null,"column":-1}},"loc":{"start":{"line":11,"column":7},"end":{"line":null,"column":-1}}},"3":{"name":"sendSykmeldingTilArbeidsgiver","decl":{"start":{"line":28,"column":17},"end":{"line":28,"column":7}},"loc":{"start":{"line":28,"column":7},"end":{"line":null,"column":-1}}},"4":{"name":"sendSykmeldingTilArbeidsgiver$","decl":{"start":{"line":28,"column":7},"end":{"line":null,"column":-1}},"loc":{"start":{"line":28,"column":7},"end":{"line":null,"column":-1}}},"5":{"name":"avbrytSykmelding","decl":{"start":{"line":46,"column":17},"end":{"line":46,"column":7}},"loc":{"start":{"line":46,"column":7},"end":{"line":null,"column":-1}}},"6":{"name":"avbrytSykmelding$","decl":{"start":{"line":46,"column":7},"end":{"line":null,"column":-1}},"loc":{"start":{"line":46,"column":7},"end":{"line":null,"column":-1}}},"7":{"name":"watchAvbrytSykmelding","decl":{"start":{"line":60,"column":10},"end":{"line":60,"column":0}},"loc":{"start":{"line":60,"column":0},"end":{"line":null,"column":-1}}},"8":{"name":"watchAvbrytSykmelding$","decl":{"start":{"line":60,"column":0},"end":{"line":null,"column":-1}},"loc":{"start":{"line":60,"column":0},"end":{"line":null,"column":-1}}},"9":{"name":"watchSendSykmelding","decl":{"start":{"line":64,"column":10},"end":{"line":64,"column":0}},"loc":{"start":{"line":64,"column":0},"end":{"line":null,"column":-1}}},"10":{"name":"watchSendSykmelding$","decl":{"start":{"line":64,"column":0},"end":{"line":null,"column":-1}},"loc":{"start":{"line":64,"column":0},"end":{"line":null,"column":-1}}},"11":{"name":"watchBekreftSykmelding","decl":{"start":{"line":68,"column":10},"end":{"line":68,"column":0}},"loc":{"start":{"line":68,"column":0},"end":{"line":null,"column":-1}}},"12":{"name":"watchBekreftSykmelding$","decl":{"start":{"line":68,"column":0},"end":{"line":null,"column":-1}},"loc":{"start":{"line":68,"column":0},"end":{"line":null,"column":-1}}},"13":{"name":"dinSykmeldingSagas","decl":{"start":{"line":72,"column":25},"end":{"line":72,"column":15}},"loc":{"start":{"line":72,"column":15},"end":{"line":null,"column":-1}}},"14":{"name":"dinSykmeldingSagas$","decl":{"start":{"line":72,"column":15},"end":{"line":null,"column":-1}},"loc":{"start":{"line":72,"column":15},"end":{"line":null,"column":-1}}}},"branchMap":{"0":{"loc":{"start":{"line":11,"column":7},"end":{"line":null,"column":-1}},"type":"switch","locations":[{"start":{"line":11,"column":7},"end":{"line":null,"column":-1}},{"start":{"line":11,"column":7},"end":{"line":null,"column":-1}},{"start":{"line":11,"column":7},"end":{"line":null,"column":-1}},{"start":{"line":11,"column":7},"end":{"line":null,"column":-1}},{"start":{"line":11,"column":7},"end":{"line":null,"column":-1}},{"start":{"line":11,"column":7},"end":{"line":null,"column":-1}},{"start":{"line":11,"column":7},"end":{"line":null,"column":-1}},{"start":{"line":11,"column":7},"end":{"line":null,"column":-1}},{"start":{"line":11,"column":7},"end":{"line":null,"column":-1}}]},"1":{"loc":{"start":{"line":28,"column":7},"end":{"line":null,"column":-1}},"type":"switch","locations":[{"start":{"line":28,"column":7},"end":{"line":null,"column":-1}},{"start":{"line":28,"column":7},"end":{"line":null,"column":-1}},{"start":{"line":28,"column":7},"end":{"line":null,"column":-1}},{"start":{"line":28,"column":7},"end":{"line":null,"column":-1}},{"start":{"line":28,"column":7},"end":{"line":null,"column":-1}},{"start":{"line":28,"column":7},"end":{"line":null,"column":-1}},{"start":{"line":28,"column":7},"end":{"line":null,"column":-1}},{"start":{"line":28,"column":7},"end":{"line":null,"column":-1}},{"start":{"line":28,"column":7},"end":{"line":null,"column":-1}}]},"2":{"loc":{"start":{"line":46,"column":7},"end":{"line":null,"column":-1}},"type":"switch","locations":[{"start":{"line":46,"column":7},"end":{"line":null,"column":-1}},{"start":{"line":46,"column":7},"end":{"line":null,"column":-1}},{"start":{"line":46,"column":7},"end":{"line":null,"column":-1}},{"start":{"line":46,"column":7},"end":{"line":null,"column":-1}},{"start":{"line":46,"column":7},"end":{"line":null,"column":-1}},{"start":{"line":46,"column":7},"end":{"line":null,"column":-1}},{"start":{"line":46,"column":7},"end":{"line":null,"column":-1}},{"start":{"line":46,"column":7},"end":{"line":null,"column":-1}},{"start":{"line":46,"column":7},"end":{"line":null,"column":-1}}]},"3":{"loc":{"start":{"line":60,"column":0},"end":{"line":null,"column":-1}},"type":"switch","locations":[{"start":{"line":60,"column":0},"end":{"line":null,"column":-1}},{"start":{"line":60,"column":0},"end":{"line":null,"column":-1}},{"start":{"line":60,"column":0},"end":{"line":null,"column":-1}}]},"4":{"loc":{"start":{"line":64,"column":0},"end":{"line":null,"column":-1}},"type":"switch","locations":[{"start":{"line":64,"column":0},"end":{"line":null,"column":-1}},{"start":{"line":64,"column":0},"end":{"line":null,"column":-1}},{"start":{"line":64,"column":0},"end":{"line":null,"column":-1}}]},"5":{"loc":{"start":{"line":68,"column":0},"end":{"line":null,"column":-1}},"type":"switch","locations":[{"start":{"line":68,"column":0},"end":{"line":null,"column":-1}},{"start":{"line":68,"column":0},"end":{"line":null,"column":-1}},{"start":{"line":68,"column":0},"end":{"line":null,"column":-1}}]},"6":{"loc":{"start":{"line":72,"column":15},"end":{"line":null,"column":-1}},"type":"switch","locations":[{"start":{"line":72,"column":15},"end":{"line":null,"column":-1}},{"start":{"line":72,"column":15},"end":{"line":null,"column":-1}},{"start":{"line":72,"column":15},"end":{"line":null,"column":-1}}]}},"s":{"0":1,"1":1,"2":1,"3":1,"4":1,"5":1,"6":0,"7":22,"8":1,"9":0,"10":22,"11":1,"12":0,"13":22,"14":1,"15":0,"16":0,"17":0,"18":0,"19":0},"f":{"0":0,"1":1,"2":5,"3":1,"4":5,"5":1,"6":5,"7":0,"8":0,"9":0,"10":0,"11":0,"12":0,"13":0,"14":0},"b":{"0":[1,1,1,1,1,0,0,0,0],"1":[1,1,1,1,1,0,0,0,0],"2":[1,1,1,1,1,0,0,0,0],"3":[0,0,0],"4":[0,0,0],"5":[0,0,0],"6":[0,0,0]}},"c:/git/syfofront/web/src/frontend/js/sagas/ledeteksterSagas.js":{"path":"c:/git/syfofront/web/src/frontend/js/sagas/ledeteksterSagas.js","statementMap":{"0":{"start":{"line":1,"column":0},"end":{"line":null,"column":-1}},"1":{"start":{"line":2,"column":0},"end":{"line":null,"column":-1}},"2":{"start":{"line":3,"column":0},"end":{"line":null,"column":-1}},"3":{"start":{"line":4,"column":0},"end":{"line":null,"column":-1}},"4":{"start":{"line":6,"column":7},"end":{"line":null,"column":-1}},"5":{"start":{"line":9,"column":14},"end":{"line":6,"column":7}},"6":{"start":{"line":16,"column":0},"end":{"line":null,"column":-1}},"7":{"start":{"line":20,"column":15},"end":{"line":null,"column":-1}}},"fnMap":{"0":{"name":"hentLedetekster","decl":{"start":{"line":6,"column":17},"end":{"line":6,"column":7}},"loc":{"start":{"line":6,"column":7},"end":{"line":null,"column":-1}}},"1":{"name":"hentLedetekster$","decl":{"start":{"line":6,"column":7},"end":{"line":null,"column":-1}},"loc":{"start":{"line":6,"column":7},"end":{"line":null,"column":-1}}},"2":{"name":"watchHentLedetekster","decl":{"start":{"line":16,"column":10},"end":{"line":16,"column":0}},"loc":{"start":{"line":16,"column":0},"end":{"line":null,"column":-1}}},"3":{"name":"watchHentLedetekster$","decl":{"start":{"line":16,"column":0},"end":{"line":null,"column":-1}},"loc":{"start":{"line":16,"column":0},"end":{"line":null,"column":-1}}},"4":{"name":"ledeteksterSagas","decl":{"start":{"line":20,"column":25},"end":{"line":20,"column":15}},"loc":{"start":{"line":20,"column":15},"end":{"line":null,"column":-1}}},"5":{"name":"ledeteksterSagas$","decl":{"start":{"line":20,"column":15},"end":{"line":null,"column":-1}},"loc":{"start":{"line":20,"column":15},"end":{"line":null,"column":-1}}}},"branchMap":{"0":{"loc":{"start":{"line":6,"column":7},"end":{"line":null,"column":-1}},"type":"switch","locations":[{"start":{"line":6,"column":7},"end":{"line":null,"column":-1}},{"start":{"line":6,"column":7},"end":{"line":null,"column":-1}},{"start":{"line":6,"column":7},"end":{"line":null,"column":-1}},{"start":{"line":6,"column":7},"end":{"line":null,"column":-1}},{"start":{"line":6,"column":7},"end":{"line":null,"column":-1}},{"start":{"line":6,"column":7},"end":{"line":null,"column":-1}},{"start":{"line":6,"column":7},"end":{"line":null,"column":-1}}]},"1":{"loc":{"start":{"line":16,"column":0},"end":{"line":null,"column":-1}},"type":"switch","locations":[{"start":{"line":16,"column":0},"end":{"line":null,"column":-1}},{"start":{"line":16,"column":0},"end":{"line":null,"column":-1}},{"start":{"line":16,"column":0},"end":{"line":null,"column":-1}}]},"2":{"loc":{"start":{"line":20,"column":15},"end":{"line":null,"column":-1}},"type":"switch","locations":[{"start":{"line":20,"column":15},"end":{"line":null,"column":-1}},{"start":{"line":20,"column":15},"end":{"line":null,"column":-1}},{"start":{"line":20,"column":15},"end":{"line":null,"column":-1}}]}},"s":{"0":1,"1":1,"2":1,"3":1,"4":14,"5":1,"6":0,"7":0},"f":{"0":1,"1":3,"2":0,"3":0,"4":0,"5":0},"b":{"0":[1,1,1,0,0,0,0],"1":[0,0,0],"2":[0,0,0]}},"c:/git/syfofront/web/src/frontend/js/sagas/tidslinjerSagas.js":{"path":"c:/git/syfofront/web/src/frontend/js/sagas/tidslinjerSagas.js","statementMap":{"0":{"start":{"line":1,"column":0},"end":{"line":null,"column":-1}},"1":{"start":{"line":2,"column":0},"end":{"line":null,"column":-1}},"2":{"start":{"line":3,"column":0},"end":{"line":null,"column":-1}},"3":{"start":{"line":4,"column":0},"end":{"line":null,"column":-1}},"4":{"start":{"line":5,"column":0},"end":{"line":null,"column":-1}},"5":{"start":{"line":7,"column":7},"end":{"line":null,"column":-1}},"6":{"start":{"line":10,"column":14},"end":{"line":7,"column":7}},"7":{"start":{"line":12,"column":8},"end":{"line":14,"column":9}},"8":{"start":{"line":13,"column":12},"end":{"line":null,"column":-1}},"9":{"start":{"line":20,"column":0},"end":{"line":null,"column":-1}},"10":{"start":{"line":24,"column":15},"end":{"line":null,"column":-1}}},"fnMap":{"0":{"name":"hentTidslinjer","decl":{"start":{"line":7,"column":17},"end":{"line":7,"column":7}},"loc":{"start":{"line":7,"column":7},"end":{"line":null,"column":-1}}},"1":{"name":"hentTidslinjer$","decl":{"start":{"line":7,"column":7},"end":{"line":null,"column":-1}},"loc":{"start":{"line":7,"column":7},"end":{"line":null,"column":-1}}},"2":{"name":"watchHentTidslinjer","decl":{"start":{"line":20,"column":10},"end":{"line":20,"column":0}},"loc":{"start":{"line":20,"column":0},"end":{"line":null,"column":-1}}},"3":{"name":"watchHentTidslinjer$","decl":{"start":{"line":20,"column":0},"end":{"line":null,"column":-1}},"loc":{"start":{"line":20,"column":0},"end":{"line":null,"column":-1}}},"4":{"name":"tidslinjerSagas","decl":{"start":{"line":24,"column":25},"end":{"line":24,"column":15}},"loc":{"start":{"line":24,"column":15},"end":{"line":null,"column":-1}}},"5":{"name":"tidslinjerSagas$","decl":{"start":{"line":24,"column":15},"end":{"line":null,"column":-1}},"loc":{"start":{"line":24,"column":15},"end":{"line":null,"column":-1}}}},"branchMap":{"0":{"loc":{"start":{"line":7,"column":7},"end":{"line":null,"column":-1}},"type":"switch","locations":[{"start":{"line":7,"column":7},"end":{"line":null,"column":-1}},{"start":{"line":7,"column":7},"end":{"line":null,"column":-1}},{"start":{"line":7,"column":7},"end":{"line":null,"column":-1}},{"start":{"line":7,"column":7},"end":{"line":null,"column":-1}},{"start":{"line":7,"column":7},"end":{"line":null,"column":-1}},{"start":{"line":7,"column":7},"end":{"line":null,"column":-1}},{"start":{"line":7,"column":7},"end":{"line":null,"column":-1}}]},"1":{"loc":{"start":{"line":12,"column":8},"end":{"line":14,"column":9}},"type":"if","locations":[{"start":{"line":12,"column":8},"end":{"line":14,"column":9}},{"start":{"line":12,"column":8},"end":{"line":14,"column":9}}]},"2":{"loc":{"start":{"line":20,"column":0},"end":{"line":null,"column":-1}},"type":"switch","locations":[{"start":{"line":20,"column":0},"end":{"line":null,"column":-1}},{"start":{"line":20,"column":0},"end":{"line":null,"column":-1}},{"start":{"line":20,"column":0},"end":{"line":null,"column":-1}}]},"3":{"loc":{"start":{"line":24,"column":15},"end":{"line":null,"column":-1}},"type":"switch","locations":[{"start":{"line":24,"column":15},"end":{"line":null,"column":-1}},{"start":{"line":24,"column":15},"end":{"line":null,"column":-1}},{"start":{"line":24,"column":15},"end":{"line":null,"column":-1}}]}},"s":{"0":1,"1":1,"2":1,"3":1,"4":1,"5":14,"6":1,"7":0,"8":0,"9":0,"10":0},"f":{"0":1,"1":3,"2":0,"3":0,"4":0,"5":0},"b":{"0":[1,1,1,0,0,0,0],"1":[0,0],"2":[0,0,0],"3":[0,0,0]}}}